02-Jul-2024 18:30:13.570 INFO [main] org.apache.catalina.startup.VersionLoggerListener.log Nombre de la versión del servidor: Apache Tomcat/9.0.89
02-Jul-2024 18:30:13.574 INFO [main] org.apache.catalina.startup.VersionLoggerListener.log Server built:                      May 3 2024 20:22:11 UTC
02-Jul-2024 18:30:13.575 INFO [main] org.apache.catalina.startup.VersionLoggerListener.log Número de versión de servidor:     9.0.89.0
02-Jul-2024 18:30:13.575 INFO [main] org.apache.catalina.startup.VersionLoggerListener.log OS Name:                           Windows 10
02-Jul-2024 18:30:13.575 INFO [main] org.apache.catalina.startup.VersionLoggerListener.log Versión de Systema Operativo:      10.0
02-Jul-2024 18:30:13.576 INFO [main] org.apache.catalina.startup.VersionLoggerListener.log Arquitectura:                      amd64
02-Jul-2024 18:30:13.576 INFO [main] org.apache.catalina.startup.VersionLoggerListener.log Java Home:                         C:\Program Files\Java\jdk-17
02-Jul-2024 18:30:13.576 INFO [main] org.apache.catalina.startup.VersionLoggerListener.log JVM Version:                       17.0.10+11-LTS-240
02-Jul-2024 18:30:13.576 INFO [main] org.apache.catalina.startup.VersionLoggerListener.log Vededor JVM:                       Oracle Corporation
02-Jul-2024 18:30:13.576 INFO [main] org.apache.catalina.startup.VersionLoggerListener.log CATALINA_BASE:                     E:\Respaldo\Documentos\Uni\Ingenieria\Booster2024\ServidoresAssesment\servidor_pelicula\apache-tomcat-9.0.89
02-Jul-2024 18:30:13.577 INFO [main] org.apache.catalina.startup.VersionLoggerListener.log CATALINA_HOME:                     E:\Respaldo\Documentos\Uni\Ingenieria\Booster2024\ServidoresAssesment\servidor_pelicula\apache-tomcat-9.0.89
02-Jul-2024 18:30:13.586 INFO [main] org.apache.catalina.startup.VersionLoggerListener.log Command line argument:             --add-opens=java.base/java.lang=ALL-UNNAMED
02-Jul-2024 18:30:13.586 INFO [main] org.apache.catalina.startup.VersionLoggerListener.log Command line argument:             --add-opens=java.base/java.io=ALL-UNNAMED
02-Jul-2024 18:30:13.587 INFO [main] org.apache.catalina.startup.VersionLoggerListener.log Command line argument:             --add-opens=java.base/java.util=ALL-UNNAMED
02-Jul-2024 18:30:13.587 INFO [main] org.apache.catalina.startup.VersionLoggerListener.log Command line argument:             --add-opens=java.base/java.util.concurrent=ALL-UNNAMED
02-Jul-2024 18:30:13.587 INFO [main] org.apache.catalina.startup.VersionLoggerListener.log Command line argument:             --add-opens=java.rmi/sun.rmi.transport=ALL-UNNAMED
02-Jul-2024 18:30:13.588 INFO [main] org.apache.catalina.startup.VersionLoggerListener.log Command line argument:             -Djava.util.logging.config.file=E:\Respaldo\Documentos\Uni\Ingenieria\Booster2024\ServidoresAssesment\servidor_pelicula\apache-tomcat-9.0.89\conf\logging.properties
02-Jul-2024 18:30:13.588 INFO [main] org.apache.catalina.startup.VersionLoggerListener.log Command line argument:             -Djava.util.logging.manager=org.apache.juli.ClassLoaderLogManager
02-Jul-2024 18:30:13.588 INFO [main] org.apache.catalina.startup.VersionLoggerListener.log Command line argument:             -Djdk.tls.ephemeralDHKeySize=2048
02-Jul-2024 18:30:13.588 INFO [main] org.apache.catalina.startup.VersionLoggerListener.log Command line argument:             -Djava.protocol.handler.pkgs=org.apache.catalina.webresources
02-Jul-2024 18:30:13.589 INFO [main] org.apache.catalina.startup.VersionLoggerListener.log Command line argument:             -Dignore.endorsed.dirs=
02-Jul-2024 18:30:13.589 INFO [main] org.apache.catalina.startup.VersionLoggerListener.log Command line argument:             -Dcatalina.base=E:\Respaldo\Documentos\Uni\Ingenieria\Booster2024\ServidoresAssesment\servidor_pelicula\apache-tomcat-9.0.89
02-Jul-2024 18:30:13.589 INFO [main] org.apache.catalina.startup.VersionLoggerListener.log Command line argument:             -Dcatalina.home=E:\Respaldo\Documentos\Uni\Ingenieria\Booster2024\ServidoresAssesment\servidor_pelicula\apache-tomcat-9.0.89
02-Jul-2024 18:30:13.589 INFO [main] org.apache.catalina.startup.VersionLoggerListener.log Command line argument:             -Djava.io.tmpdir=E:\Respaldo\Documentos\Uni\Ingenieria\Booster2024\ServidoresAssesment\servidor_pelicula\apache-tomcat-9.0.89\temp
02-Jul-2024 18:30:13.680 INFO [main] org.apache.catalina.core.AprLifecycleListener.lifecycleEvent Cargada la biblioteca nativa APR de Apache Tomcat [1.3.0] con la versión APR [1.7.4].
02-Jul-2024 18:30:13.680 INFO [main] org.apache.catalina.core.AprLifecycleListener.lifecycleEvent Capacidades APR: IPv6 [true], enviar fichero [true], aceptar filtros [false], aleatorio [true], UDS [true].
02-Jul-2024 18:30:13.681 INFO [main] org.apache.catalina.core.AprLifecycleListener.lifecycleEvent APR/OpenSSL configuration: useAprConnector [false], useOpenSSL [true]
02-Jul-2024 18:30:13.708 INFO [main] org.apache.catalina.core.AprLifecycleListener.initializeSSL OpenSSL inicializado correctamente [OpenSSL 3.0.13 30 Jan 2024]
02-Jul-2024 18:30:13.986 INFO [main] org.apache.coyote.AbstractProtocol.init Inicializando el manejador de protocolo ["http-nio-8080"]

02-Jul-2024 18:30:14.007 INFO [main] org.apache.catalina.startup.Catalina.load Server initialization in [694] milliseconds
02-Jul-2024 18:30:14.057 INFO [main] org.apache.catalina.core.StandardService.startInternal Arrancando servicio [Catalina]
02-Jul-2024 18:30:14.058 INFO [main] org.apache.catalina.core.StandardEngine.startInternal Starting Servlet engine: [Apache Tomcat/9.0.89]
02-Jul-2024 18:30:14.077 INFO [main] org.apache.catalina.startup.HostConfig.deployWAR Despliegue del archivo [E:\Respaldo\Documentos\Uni\Ingenieria\Booster2024\ServidoresAssesment\servidor_pelicula\apache-tomcat-9.0.89\webapps\TomcatServer.war] de la aplicación web
02-Jul-2024 18:30:14.104 INFO [main] org.apache.catalina.startup.ExpandWar.expand An expanded directory [E:\Respaldo\Documentos\Uni\Ingenieria\Booster2024\ServidoresAssesment\servidor_pelicula\apache-tomcat-9.0.89\webapps\TomcatServer] was found with a last modified time that did not match the associated WAR. It will be deleted.
02-Jul-2024 18:30:15.077 INFO [main] org.apache.jasper.servlet.TldScanner.scanJars Al menos un JAR, que se ha explorado buscando TLDs, aún no contenía TLDs. Activar historial de depuración para este historiador para una completa lista de los JARs que fueron explorados y de los que nos se halló TLDs. Saltarse JARs no necesarios durante la exploración puede dar lugar a una mejora de tiempo significativa en el arranque y compilación de JSP .
02-Jul-2024 18:30:15.182 INFO [main] org.apache.catalina.startup.HostConfig.deployWAR Deployment of web application archive [E:\Respaldo\Documentos\Uni\Ingenieria\Booster2024\ServidoresAssesment\servidor_pelicula\apache-tomcat-9.0.89\webapps\TomcatServer.war] has finished in [1.104] ms
02-Jul-2024 18:30:15.183 INFO [main] org.apache.catalina.startup.HostConfig.deployDirectory Desplegando el directorio [E:\Respaldo\Documentos\Uni\Ingenieria\Booster2024\ServidoresAssesment\servidor_pelicula\apache-tomcat-9.0.89\webapps\docs] de la aplicación web
02-Jul-2024 18:30:15.741 INFO [main] org.apache.jasper.servlet.TldScanner.scanJars Al menos un JAR, que se ha explorado buscando TLDs, aún no contenía TLDs. Activar historial de depuración para este historiador para una completa lista de los JARs que fueron explorados y de los que nos se halló TLDs. Saltarse JARs no necesarios durante la exploración puede dar lugar a una mejora de tiempo significativa en el arranque y compilación de JSP .
02-Jul-2024 18:30:15.745 INFO [main] org.apache.catalina.startup.HostConfig.deployDirectory Deployment of web application directory [E:\Respaldo\Documentos\Uni\Ingenieria\Booster2024\ServidoresAssesment\servidor_pelicula\apache-tomcat-9.0.89\webapps\docs] has finished in [562] ms
02-Jul-2024 18:30:15.746 INFO [main] org.apache.catalina.startup.HostConfig.deployDirectory Desplegando el directorio [E:\Respaldo\Documentos\Uni\Ingenieria\Booster2024\ServidoresAssesment\servidor_pelicula\apache-tomcat-9.0.89\webapps\examples] de la aplicación web
02-Jul-2024 18:30:17.451 INFO [main] org.apache.jasper.servlet.TldScanner.scanJars Al menos un JAR, que se ha explorado buscando TLDs, aún no contenía TLDs. Activar historial de depuración para este historiador para una completa lista de los JARs que fueron explorados y de los que nos se halló TLDs. Saltarse JARs no necesarios durante la exploración puede dar lugar a una mejora de tiempo significativa en el arranque y compilación de JSP .
02-Jul-2024 18:30:17.545 INFO [main] org.apache.catalina.startup.HostConfig.deployDirectory Deployment of web application directory [E:\Respaldo\Documentos\Uni\Ingenieria\Booster2024\ServidoresAssesment\servidor_pelicula\apache-tomcat-9.0.89\webapps\examples] has finished in [1.799] ms
02-Jul-2024 18:30:17.546 INFO [main] org.apache.catalina.startup.HostConfig.deployDirectory Desplegando el directorio [E:\Respaldo\Documentos\Uni\Ingenieria\Booster2024\ServidoresAssesment\servidor_pelicula\apache-tomcat-9.0.89\webapps\HelloWorld] de la aplicación web
02-Jul-2024 18:30:18.123 INFO [main] org.apache.jasper.servlet.TldScanner.scanJars Al menos un JAR, que se ha explorado buscando TLDs, aún no contenía TLDs. Activar historial de depuración para este historiador para una completa lista de los JARs que fueron explorados y de los que nos se halló TLDs. Saltarse JARs no necesarios durante la exploración puede dar lugar a una mejora de tiempo significativa en el arranque y compilación de JSP .
02-Jul-2024 18:30:18.127 INFO [main] org.apache.catalina.startup.HostConfig.deployDirectory Deployment of web application directory [E:\Respaldo\Documentos\Uni\Ingenieria\Booster2024\ServidoresAssesment\servidor_pelicula\apache-tomcat-9.0.89\webapps\HelloWorld] has finished in [581] ms
02-Jul-2024 18:30:18.127 INFO [main] org.apache.catalina.startup.HostConfig.deployDirectory Desplegando el directorio [E:\Respaldo\Documentos\Uni\Ingenieria\Booster2024\ServidoresAssesment\servidor_pelicula\apache-tomcat-9.0.89\webapps\host-manager] de la aplicación web
02-Jul-2024 18:30:18.640 INFO [main] org.apache.jasper.servlet.TldScanner.scanJars Al menos un JAR, que se ha explorado buscando TLDs, aún no contenía TLDs. Activar historial de depuración para este historiador para una completa lista de los JARs que fueron explorados y de los que nos se halló TLDs. Saltarse JARs no necesarios durante la exploración puede dar lugar a una mejora de tiempo significativa en el arranque y compilación de JSP .
02-Jul-2024 18:30:18.648 INFO [main] org.apache.catalina.startup.HostConfig.deployDirectory Deployment of web application directory [E:\Respaldo\Documentos\Uni\Ingenieria\Booster2024\ServidoresAssesment\servidor_pelicula\apache-tomcat-9.0.89\webapps\host-manager] has finished in [521] ms
02-Jul-2024 18:30:18.649 INFO [main] org.apache.catalina.startup.HostConfig.deployDirectory Desplegando el directorio [E:\Respaldo\Documentos\Uni\Ingenieria\Booster2024\ServidoresAssesment\servidor_pelicula\apache-tomcat-9.0.89\webapps\manager] de la aplicación web
02-Jul-2024 18:30:19.146 INFO [main] org.apache.jasper.servlet.TldScanner.scanJars Al menos un JAR, que se ha explorado buscando TLDs, aún no contenía TLDs. Activar historial de depuración para este historiador para una completa lista de los JARs que fueron explorados y de los que nos se halló TLDs. Saltarse JARs no necesarios durante la exploración puede dar lugar a una mejora de tiempo significativa en el arranque y compilación de JSP .
02-Jul-2024 18:30:19.151 INFO [main] org.apache.catalina.startup.HostConfig.deployDirectory Deployment of web application directory [E:\Respaldo\Documentos\Uni\Ingenieria\Booster2024\ServidoresAssesment\servidor_pelicula\apache-tomcat-9.0.89\webapps\manager] has finished in [502] ms
02-Jul-2024 18:30:19.151 INFO [main] org.apache.catalina.startup.HostConfig.deployDirectory Desplegando el directorio [E:\Respaldo\Documentos\Uni\Ingenieria\Booster2024\ServidoresAssesment\servidor_pelicula\apache-tomcat-9.0.89\webapps\ROOT] de la aplicación web
02-Jul-2024 18:30:19.643 INFO [main] org.apache.jasper.servlet.TldScanner.scanJars Al menos un JAR, que se ha explorado buscando TLDs, aún no contenía TLDs. Activar historial de depuración para este historiador para una completa lista de los JARs que fueron explorados y de los que nos se halló TLDs. Saltarse JARs no necesarios durante la exploración puede dar lugar a una mejora de tiempo significativa en el arranque y compilación de JSP .
02-Jul-2024 18:30:19.647 INFO [main] org.apache.catalina.startup.HostConfig.deployDirectory Deployment of web application directory [E:\Respaldo\Documentos\Uni\Ingenieria\Booster2024\ServidoresAssesment\servidor_pelicula\apache-tomcat-9.0.89\webapps\ROOT] has finished in [495] ms
02-Jul-2024 18:30:19.651 INFO [main] org.apache.coyote.AbstractProtocol.start Starting ProtocolHandler ["http-nio-8080"]
02-Jul-2024 18:30:19.686 INFO [main] org.apache.catalina.startup.Catalina.start Server startup in [5678] milliseconds
02-Jul-2024 18:33:16.809 INFO [main] org.apache.catalina.startup.VersionLoggerListener.log Nombre de la versión del servidor: Apache Tomcat/9.0.89
02-Jul-2024 18:33:16.813 INFO [main] org.apache.catalina.startup.VersionLoggerListener.log Server built:                      May 3 2024 20:22:11 UTC
02-Jul-2024 18:33:16.813 INFO [main] org.apache.catalina.startup.VersionLoggerListener.log Número de versión de servidor:     9.0.89.0
02-Jul-2024 18:33:16.813 INFO [main] org.apache.catalina.startup.VersionLoggerListener.log OS Name:                           Windows 10
02-Jul-2024 18:33:16.813 INFO [main] org.apache.catalina.startup.VersionLoggerListener.log Versión de Systema Operativo:      10.0
02-Jul-2024 18:33:16.813 INFO [main] org.apache.catalina.startup.VersionLoggerListener.log Arquitectura:                      amd64
02-Jul-2024 18:33:16.814 INFO [main] org.apache.catalina.startup.VersionLoggerListener.log Java Home:                         C:\Program Files\Java\jdk-17
02-Jul-2024 18:33:16.814 INFO [main] org.apache.catalina.startup.VersionLoggerListener.log JVM Version:                       17.0.10+11-LTS-240
02-Jul-2024 18:33:16.814 INFO [main] org.apache.catalina.startup.VersionLoggerListener.log Vededor JVM:                       Oracle Corporation
02-Jul-2024 18:33:16.814 INFO [main] org.apache.catalina.startup.VersionLoggerListener.log CATALINA_BASE:                     E:\Respaldo\Documentos\Uni\Ingenieria\Booster2024\ServidoresAssesment\servidor_pelicula\apache-tomcat-9.0.89
02-Jul-2024 18:33:16.814 INFO [main] org.apache.catalina.startup.VersionLoggerListener.log CATALINA_HOME:                     E:\Respaldo\Documentos\Uni\Ingenieria\Booster2024\ServidoresAssesment\servidor_pelicula\apache-tomcat-9.0.89
02-Jul-2024 18:33:16.824 INFO [main] org.apache.catalina.startup.VersionLoggerListener.log Command line argument:             --add-opens=java.base/java.lang=ALL-UNNAMED
02-Jul-2024 18:33:16.825 INFO [main] org.apache.catalina.startup.VersionLoggerListener.log Command line argument:             --add-opens=java.base/java.io=ALL-UNNAMED
02-Jul-2024 18:33:16.825 INFO [main] org.apache.catalina.startup.VersionLoggerListener.log Command line argument:             --add-opens=java.base/java.util=ALL-UNNAMED
02-Jul-2024 18:33:16.825 INFO [main] org.apache.catalina.startup.VersionLoggerListener.log Command line argument:             --add-opens=java.base/java.util.concurrent=ALL-UNNAMED
02-Jul-2024 18:33:16.826 INFO [main] org.apache.catalina.startup.VersionLoggerListener.log Command line argument:             --add-opens=java.rmi/sun.rmi.transport=ALL-UNNAMED
02-Jul-2024 18:33:16.826 INFO [main] org.apache.catalina.startup.VersionLoggerListener.log Command line argument:             -Djava.util.logging.config.file=E:\Respaldo\Documentos\Uni\Ingenieria\Booster2024\ServidoresAssesment\servidor_pelicula\apache-tomcat-9.0.89\conf\logging.properties
02-Jul-2024 18:33:16.826 INFO [main] org.apache.catalina.startup.VersionLoggerListener.log Command line argument:             -Djava.util.logging.manager=org.apache.juli.ClassLoaderLogManager
02-Jul-2024 18:33:16.826 INFO [main] org.apache.catalina.startup.VersionLoggerListener.log Command line argument:             -Djdk.tls.ephemeralDHKeySize=2048
02-Jul-2024 18:33:16.827 INFO [main] org.apache.catalina.startup.VersionLoggerListener.log Command line argument:             -Djava.protocol.handler.pkgs=org.apache.catalina.webresources
02-Jul-2024 18:33:16.827 INFO [main] org.apache.catalina.startup.VersionLoggerListener.log Command line argument:             -Dignore.endorsed.dirs=
02-Jul-2024 18:33:16.827 INFO [main] org.apache.catalina.startup.VersionLoggerListener.log Command line argument:             -Dcatalina.base=E:\Respaldo\Documentos\Uni\Ingenieria\Booster2024\ServidoresAssesment\servidor_pelicula\apache-tomcat-9.0.89
02-Jul-2024 18:33:16.828 INFO [main] org.apache.catalina.startup.VersionLoggerListener.log Command line argument:             -Dcatalina.home=E:\Respaldo\Documentos\Uni\Ingenieria\Booster2024\ServidoresAssesment\servidor_pelicula\apache-tomcat-9.0.89
02-Jul-2024 18:33:16.828 INFO [main] org.apache.catalina.startup.VersionLoggerListener.log Command line argument:             -Djava.io.tmpdir=E:\Respaldo\Documentos\Uni\Ingenieria\Booster2024\ServidoresAssesment\servidor_pelicula\apache-tomcat-9.0.89\temp
02-Jul-2024 18:33:16.831 INFO [main] org.apache.catalina.core.AprLifecycleListener.lifecycleEvent Cargada la biblioteca nativa APR de Apache Tomcat [1.3.0] con la versión APR [1.7.4].
02-Jul-2024 18:33:16.832 INFO [main] org.apache.catalina.core.AprLifecycleListener.lifecycleEvent Capacidades APR: IPv6 [true], enviar fichero [true], aceptar filtros [false], aleatorio [true], UDS [true].
02-Jul-2024 18:33:16.832 INFO [main] org.apache.catalina.core.AprLifecycleListener.lifecycleEvent APR/OpenSSL configuration: useAprConnector [false], useOpenSSL [true]
02-Jul-2024 18:33:16.837 INFO [main] org.apache.catalina.core.AprLifecycleListener.initializeSSL OpenSSL inicializado correctamente [OpenSSL 3.0.13 30 Jan 2024]
02-Jul-2024 18:33:17.052 INFO [main] org.apache.coyote.AbstractProtocol.init Inicializando el manejador de protocolo ["http-nio-8080"]

02-Jul-2024 18:33:17.075 INFO [main] org.apache.catalina.startup.Catalina.load Server initialization in [443] milliseconds
02-Jul-2024 18:33:17.122 INFO [main] org.apache.catalina.core.StandardService.startInternal Arrancando servicio [Catalina]
02-Jul-2024 18:33:17.122 INFO [main] org.apache.catalina.core.StandardEngine.startInternal Starting Servlet engine: [Apache Tomcat/9.0.89]
02-Jul-2024 18:33:17.175 INFO [main] org.apache.catalina.startup.HostConfig.deployWAR Despliegue del archivo [E:\Respaldo\Documentos\Uni\Ingenieria\Booster2024\ServidoresAssesment\servidor_pelicula\apache-tomcat-9.0.89\webapps\TomcatServer.war] de la aplicación web
02-Jul-2024 18:33:17.192 INFO [main] org.apache.catalina.startup.ExpandWar.expand An expanded directory [E:\Respaldo\Documentos\Uni\Ingenieria\Booster2024\ServidoresAssesment\servidor_pelicula\apache-tomcat-9.0.89\webapps\TomcatServer] was found with a last modified time that did not match the associated WAR. It will be deleted.
02-Jul-2024 18:33:18.077 INFO [main] org.apache.jasper.servlet.TldScanner.scanJars Al menos un JAR, que se ha explorado buscando TLDs, aún no contenía TLDs. Activar historial de depuración para este historiador para una completa lista de los JARs que fueron explorados y de los que nos se halló TLDs. Saltarse JARs no necesarios durante la exploración puede dar lugar a una mejora de tiempo significativa en el arranque y compilación de JSP .
02-Jul-2024 18:33:18.143 INFO [main] org.apache.catalina.startup.HostConfig.deployWAR Deployment of web application archive [E:\Respaldo\Documentos\Uni\Ingenieria\Booster2024\ServidoresAssesment\servidor_pelicula\apache-tomcat-9.0.89\webapps\TomcatServer.war] has finished in [966] ms
02-Jul-2024 18:33:18.144 INFO [main] org.apache.catalina.startup.HostConfig.deployDirectory Desplegando el directorio [E:\Respaldo\Documentos\Uni\Ingenieria\Booster2024\ServidoresAssesment\servidor_pelicula\apache-tomcat-9.0.89\webapps\docs] de la aplicación web
02-Jul-2024 18:33:18.666 INFO [main] org.apache.jasper.servlet.TldScanner.scanJars Al menos un JAR, que se ha explorado buscando TLDs, aún no contenía TLDs. Activar historial de depuración para este historiador para una completa lista de los JARs que fueron explorados y de los que nos se halló TLDs. Saltarse JARs no necesarios durante la exploración puede dar lugar a una mejora de tiempo significativa en el arranque y compilación de JSP .
02-Jul-2024 18:33:18.670 INFO [main] org.apache.catalina.startup.HostConfig.deployDirectory Deployment of web application directory [E:\Respaldo\Documentos\Uni\Ingenieria\Booster2024\ServidoresAssesment\servidor_pelicula\apache-tomcat-9.0.89\webapps\docs] has finished in [526] ms
02-Jul-2024 18:33:18.671 INFO [main] org.apache.catalina.startup.HostConfig.deployDirectory Desplegando el directorio [E:\Respaldo\Documentos\Uni\Ingenieria\Booster2024\ServidoresAssesment\servidor_pelicula\apache-tomcat-9.0.89\webapps\examples] de la aplicación web
02-Jul-2024 18:33:19.725 INFO [main] org.apache.jasper.servlet.TldScanner.scanJars Al menos un JAR, que se ha explorado buscando TLDs, aún no contenía TLDs. Activar historial de depuración para este historiador para una completa lista de los JARs que fueron explorados y de los que nos se halló TLDs. Saltarse JARs no necesarios durante la exploración puede dar lugar a una mejora de tiempo significativa en el arranque y compilación de JSP .
02-Jul-2024 18:33:19.824 INFO [main] org.apache.catalina.startup.HostConfig.deployDirectory Deployment of web application directory [E:\Respaldo\Documentos\Uni\Ingenieria\Booster2024\ServidoresAssesment\servidor_pelicula\apache-tomcat-9.0.89\webapps\examples] has finished in [1.153] ms
02-Jul-2024 18:33:19.824 INFO [main] org.apache.catalina.startup.HostConfig.deployDirectory Desplegando el directorio [E:\Respaldo\Documentos\Uni\Ingenieria\Booster2024\ServidoresAssesment\servidor_pelicula\apache-tomcat-9.0.89\webapps\HelloWorld] de la aplicación web
02-Jul-2024 18:33:20.467 INFO [main] org.apache.jasper.servlet.TldScanner.scanJars Al menos un JAR, que se ha explorado buscando TLDs, aún no contenía TLDs. Activar historial de depuración para este historiador para una completa lista de los JARs que fueron explorados y de los que nos se halló TLDs. Saltarse JARs no necesarios durante la exploración puede dar lugar a una mejora de tiempo significativa en el arranque y compilación de JSP .
02-Jul-2024 18:33:20.471 INFO [main] org.apache.catalina.startup.HostConfig.deployDirectory Deployment of web application directory [E:\Respaldo\Documentos\Uni\Ingenieria\Booster2024\ServidoresAssesment\servidor_pelicula\apache-tomcat-9.0.89\webapps\HelloWorld] has finished in [647] ms
02-Jul-2024 18:33:20.472 INFO [main] org.apache.catalina.startup.HostConfig.deployDirectory Desplegando el directorio [E:\Respaldo\Documentos\Uni\Ingenieria\Booster2024\ServidoresAssesment\servidor_pelicula\apache-tomcat-9.0.89\webapps\host-manager] de la aplicación web
02-Jul-2024 18:33:21.059 INFO [main] org.apache.jasper.servlet.TldScanner.scanJars Al menos un JAR, que se ha explorado buscando TLDs, aún no contenía TLDs. Activar historial de depuración para este historiador para una completa lista de los JARs que fueron explorados y de los que nos se halló TLDs. Saltarse JARs no necesarios durante la exploración puede dar lugar a una mejora de tiempo significativa en el arranque y compilación de JSP .
02-Jul-2024 18:33:21.068 INFO [main] org.apache.catalina.startup.HostConfig.deployDirectory Deployment of web application directory [E:\Respaldo\Documentos\Uni\Ingenieria\Booster2024\ServidoresAssesment\servidor_pelicula\apache-tomcat-9.0.89\webapps\host-manager] has finished in [596] ms
02-Jul-2024 18:33:21.069 INFO [main] org.apache.catalina.startup.HostConfig.deployDirectory Desplegando el directorio [E:\Respaldo\Documentos\Uni\Ingenieria\Booster2024\ServidoresAssesment\servidor_pelicula\apache-tomcat-9.0.89\webapps\manager] de la aplicación web
02-Jul-2024 18:33:21.617 INFO [main] org.apache.jasper.servlet.TldScanner.scanJars Al menos un JAR, que se ha explorado buscando TLDs, aún no contenía TLDs. Activar historial de depuración para este historiador para una completa lista de los JARs que fueron explorados y de los que nos se halló TLDs. Saltarse JARs no necesarios durante la exploración puede dar lugar a una mejora de tiempo significativa en el arranque y compilación de JSP .
02-Jul-2024 18:33:21.622 INFO [main] org.apache.catalina.startup.HostConfig.deployDirectory Deployment of web application directory [E:\Respaldo\Documentos\Uni\Ingenieria\Booster2024\ServidoresAssesment\servidor_pelicula\apache-tomcat-9.0.89\webapps\manager] has finished in [553] ms
02-Jul-2024 18:33:21.623 INFO [main] org.apache.catalina.startup.HostConfig.deployDirectory Desplegando el directorio [E:\Respaldo\Documentos\Uni\Ingenieria\Booster2024\ServidoresAssesment\servidor_pelicula\apache-tomcat-9.0.89\webapps\ROOT] de la aplicación web
02-Jul-2024 18:33:22.179 INFO [main] org.apache.jasper.servlet.TldScanner.scanJars Al menos un JAR, que se ha explorado buscando TLDs, aún no contenía TLDs. Activar historial de depuración para este historiador para una completa lista de los JARs que fueron explorados y de los que nos se halló TLDs. Saltarse JARs no necesarios durante la exploración puede dar lugar a una mejora de tiempo significativa en el arranque y compilación de JSP .
02-Jul-2024 18:33:22.184 INFO [main] org.apache.catalina.startup.HostConfig.deployDirectory Deployment of web application directory [E:\Respaldo\Documentos\Uni\Ingenieria\Booster2024\ServidoresAssesment\servidor_pelicula\apache-tomcat-9.0.89\webapps\ROOT] has finished in [561] ms
02-Jul-2024 18:33:22.192 INFO [main] org.apache.coyote.AbstractProtocol.start Starting ProtocolHandler ["http-nio-8080"]
02-Jul-2024 18:33:22.228 INFO [main] org.apache.catalina.startup.Catalina.start Server startup in [5153] milliseconds
