08-Jul-2024 17:55:58.163 WARNING [main] org.apache.tomcat.util.digester.SetPropertiesRule.begin Match [Server/Service/Connector] failed to set property [maxSpareThreads] to [25]
08-Jul-2024 17:55:58.168 WARNING [main] org.apache.tomcat.util.digester.SetPropertiesRule.begin Match [Server/Service/Connector] failed to set property [compressableMimeType] to [text/html,text/xml,text/plain,text/css,text/javascript,application/javascript,application/json]
08-Jul-2024 17:55:58.182 SEVERE [main] org.apache.tomcat.util.digester.Digester.fatalError Parse fatal error at line [91] column [8]
	org.xml.sax.SAXParseException; systemId: file:/E:/Respaldo/Documentos/Uni/Ingenieria/Booster2024/ServidoresAssesment/servidor_pelicula/apache-tomcat-9.0.89/conf/server.xml; lineNumber: 91; columnNumber: 8; The element type "SSLHostConfig" must be terminated by the matching end-tag "</SSLHostConfig>".
		at java.xml/com.sun.org.apache.xerces.internal.util.ErrorHandlerWrapper.createSAXParseException(ErrorHandlerWrapper.java:204)
		at java.xml/com.sun.org.apache.xerces.internal.util.ErrorHandlerWrapper.fatalError(ErrorHandlerWrapper.java:178)
		at java.xml/com.sun.org.apache.xerces.internal.impl.XMLErrorReporter.reportError(XMLErrorReporter.java:400)
		at java.xml/com.sun.org.apache.xerces.internal.impl.XMLErrorReporter.reportError(XMLErrorReporter.java:327)
		at java.xml/com.sun.org.apache.xerces.internal.impl.XMLScanner.reportFatalError(XMLScanner.java:1465)
		at java.xml/com.sun.org.apache.xerces.internal.impl.XMLDocumentFragmentScannerImpl.scanEndElement(XMLDocumentFragmentScannerImpl.java:1695)
		at java.xml/com.sun.org.apache.xerces.internal.impl.XMLDocumentFragmentScannerImpl$FragmentContentDriver.next(XMLDocumentFragmentScannerImpl.java:2899)
		at java.xml/com.sun.org.apache.xerces.internal.impl.XMLDocumentScannerImpl.next(XMLDocumentScannerImpl.java:605)
		at java.xml/com.sun.org.apache.xerces.internal.impl.XMLDocumentFragmentScannerImpl.scanDocument(XMLDocumentFragmentScannerImpl.java:542)
		at java.xml/com.sun.org.apache.xerces.internal.parsers.XML11Configuration.parse(XML11Configuration.java:889)
		at java.xml/com.sun.org.apache.xerces.internal.parsers.XML11Configuration.parse(XML11Configuration.java:825)
		at java.xml/com.sun.org.apache.xerces.internal.parsers.XMLParser.parse(XMLParser.java:141)
		at java.xml/com.sun.org.apache.xerces.internal.parsers.AbstractSAXParser.parse(AbstractSAXParser.java:1224)
		at java.xml/com.sun.org.apache.xerces.internal.jaxp.SAXParserImpl$JAXPSAXParser.parse(SAXParserImpl.java:637)
		at org.apache.tomcat.util.digester.Digester.parse(Digester.java:1535)
		at org.apache.catalina.startup.Catalina.parseServerXml(Catalina.java:579)
		at org.apache.catalina.startup.Catalina.load(Catalina.java:671)
		at org.apache.catalina.startup.Catalina.load(Catalina.java:709)
		at java.base/jdk.internal.reflect.NativeMethodAccessorImpl.invoke0(Native Method)
		at java.base/jdk.internal.reflect.NativeMethodAccessorImpl.invoke(NativeMethodAccessorImpl.java:77)
		at java.base/jdk.internal.reflect.DelegatingMethodAccessorImpl.invoke(DelegatingMethodAccessorImpl.java:43)
		at java.base/java.lang.reflect.Method.invoke(Method.java:568)
		at org.apache.catalina.startup.Bootstrap.load(Bootstrap.java:302)
		at org.apache.catalina.startup.Bootstrap.main(Bootstrap.java:472)
08-Jul-2024 17:56:13.507 WARNING [main] org.apache.tomcat.util.digester.SetPropertiesRule.begin Match [Server/Service/Connector] failed to set property [maxSpareThreads] to [25]
08-Jul-2024 17:56:13.511 WARNING [main] org.apache.tomcat.util.digester.SetPropertiesRule.begin Match [Server/Service/Connector] failed to set property [compressableMimeType] to [text/html,text/xml,text/plain,text/css,text/javascript,application/javascript,application/json]
08-Jul-2024 17:56:13.523 SEVERE [main] org.apache.tomcat.util.digester.Digester.fatalError Parse fatal error at line [91] column [8]
	org.xml.sax.SAXParseException; systemId: file:/E:/Respaldo/Documentos/Uni/Ingenieria/Booster2024/ServidoresAssesment/servidor_pelicula/apache-tomcat-9.0.89/conf/server.xml; lineNumber: 91; columnNumber: 8; The element type "SSLHostConfig" must be terminated by the matching end-tag "</SSLHostConfig>".
		at java.xml/com.sun.org.apache.xerces.internal.util.ErrorHandlerWrapper.createSAXParseException(ErrorHandlerWrapper.java:204)
		at java.xml/com.sun.org.apache.xerces.internal.util.ErrorHandlerWrapper.fatalError(ErrorHandlerWrapper.java:178)
		at java.xml/com.sun.org.apache.xerces.internal.impl.XMLErrorReporter.reportError(XMLErrorReporter.java:400)
		at java.xml/com.sun.org.apache.xerces.internal.impl.XMLErrorReporter.reportError(XMLErrorReporter.java:327)
		at java.xml/com.sun.org.apache.xerces.internal.impl.XMLScanner.reportFatalError(XMLScanner.java:1465)
		at java.xml/com.sun.org.apache.xerces.internal.impl.XMLDocumentFragmentScannerImpl.scanEndElement(XMLDocumentFragmentScannerImpl.java:1695)
		at java.xml/com.sun.org.apache.xerces.internal.impl.XMLDocumentFragmentScannerImpl$FragmentContentDriver.next(XMLDocumentFragmentScannerImpl.java:2899)
		at java.xml/com.sun.org.apache.xerces.internal.impl.XMLDocumentScannerImpl.next(XMLDocumentScannerImpl.java:605)
		at java.xml/com.sun.org.apache.xerces.internal.impl.XMLDocumentFragmentScannerImpl.scanDocument(XMLDocumentFragmentScannerImpl.java:542)
		at java.xml/com.sun.org.apache.xerces.internal.parsers.XML11Configuration.parse(XML11Configuration.java:889)
		at java.xml/com.sun.org.apache.xerces.internal.parsers.XML11Configuration.parse(XML11Configuration.java:825)
		at java.xml/com.sun.org.apache.xerces.internal.parsers.XMLParser.parse(XMLParser.java:141)
		at java.xml/com.sun.org.apache.xerces.internal.parsers.AbstractSAXParser.parse(AbstractSAXParser.java:1224)
		at java.xml/com.sun.org.apache.xerces.internal.jaxp.SAXParserImpl$JAXPSAXParser.parse(SAXParserImpl.java:637)
		at org.apache.tomcat.util.digester.Digester.parse(Digester.java:1535)
		at org.apache.catalina.startup.Catalina.parseServerXml(Catalina.java:579)
		at org.apache.catalina.startup.Catalina.load(Catalina.java:671)
		at org.apache.catalina.startup.Catalina.load(Catalina.java:709)
		at java.base/jdk.internal.reflect.NativeMethodAccessorImpl.invoke0(Native Method)
		at java.base/jdk.internal.reflect.NativeMethodAccessorImpl.invoke(NativeMethodAccessorImpl.java:77)
		at java.base/jdk.internal.reflect.DelegatingMethodAccessorImpl.invoke(DelegatingMethodAccessorImpl.java:43)
		at java.base/java.lang.reflect.Method.invoke(Method.java:568)
		at org.apache.catalina.startup.Bootstrap.load(Bootstrap.java:302)
		at org.apache.catalina.startup.Bootstrap.main(Bootstrap.java:472)
08-Jul-2024 17:56:13.524 WARNING [main] org.apache.catalina.startup.Catalina.parseServerXml No pude cargar la configuración del servidor desde [E:\Respaldo\Documentos\Uni\Ingenieria\Booster2024\ServidoresAssesment\servidor_pelicula\apache-tomcat-9.0.89\conf\server.xml]
	org.xml.sax.SAXParseException; systemId: file:/E:/Respaldo/Documentos/Uni/Ingenieria/Booster2024/ServidoresAssesment/servidor_pelicula/apache-tomcat-9.0.89/conf/server.xml; lineNumber: 91; columnNumber: 8; The element type "SSLHostConfig" must be terminated by the matching end-tag "</SSLHostConfig>".
		at java.xml/com.sun.org.apache.xerces.internal.parsers.AbstractSAXParser.parse(AbstractSAXParser.java:1251)
		at java.xml/com.sun.org.apache.xerces.internal.jaxp.SAXParserImpl$JAXPSAXParser.parse(SAXParserImpl.java:637)
		at org.apache.tomcat.util.digester.Digester.parse(Digester.java:1535)
		at org.apache.catalina.startup.Catalina.parseServerXml(Catalina.java:579)
		at org.apache.catalina.startup.Catalina.load(Catalina.java:671)
		at org.apache.catalina.startup.Catalina.load(Catalina.java:709)
		at java.base/jdk.internal.reflect.NativeMethodAccessorImpl.invoke0(Native Method)
		at java.base/jdk.internal.reflect.NativeMethodAccessorImpl.invoke(NativeMethodAccessorImpl.java:77)
		at java.base/jdk.internal.reflect.DelegatingMethodAccessorImpl.invoke(DelegatingMethodAccessorImpl.java:43)
		at java.base/java.lang.reflect.Method.invoke(Method.java:568)
		at org.apache.catalina.startup.Bootstrap.load(Bootstrap.java:302)
		at org.apache.catalina.startup.Bootstrap.main(Bootstrap.java:472)
08-Jul-2024 17:56:21.063 WARNING [main] org.apache.tomcat.util.digester.SetPropertiesRule.begin Match [Server/Service/Connector] failed to set property [maxSpareThreads] to [25]
08-Jul-2024 17:56:21.067 WARNING [main] org.apache.tomcat.util.digester.SetPropertiesRule.begin Match [Server/Service/Connector] failed to set property [compressableMimeType] to [text/html,text/xml,text/plain,text/css,text/javascript,application/javascript,application/json]
08-Jul-2024 17:56:21.078 SEVERE [main] org.apache.tomcat.util.digester.Digester.fatalError Parse fatal error at line [91] column [8]
	org.xml.sax.SAXParseException; systemId: file:/E:/Respaldo/Documentos/Uni/Ingenieria/Booster2024/ServidoresAssesment/servidor_pelicula/apache-tomcat-9.0.89/conf/server.xml; lineNumber: 91; columnNumber: 8; The element type "SSLHostConfig" must be terminated by the matching end-tag "</SSLHostConfig>".
		at java.xml/com.sun.org.apache.xerces.internal.util.ErrorHandlerWrapper.createSAXParseException(ErrorHandlerWrapper.java:204)
		at java.xml/com.sun.org.apache.xerces.internal.util.ErrorHandlerWrapper.fatalError(ErrorHandlerWrapper.java:178)
		at java.xml/com.sun.org.apache.xerces.internal.impl.XMLErrorReporter.reportError(XMLErrorReporter.java:400)
		at java.xml/com.sun.org.apache.xerces.internal.impl.XMLErrorReporter.reportError(XMLErrorReporter.java:327)
		at java.xml/com.sun.org.apache.xerces.internal.impl.XMLScanner.reportFatalError(XMLScanner.java:1465)
		at java.xml/com.sun.org.apache.xerces.internal.impl.XMLDocumentFragmentScannerImpl.scanEndElement(XMLDocumentFragmentScannerImpl.java:1695)
		at java.xml/com.sun.org.apache.xerces.internal.impl.XMLDocumentFragmentScannerImpl$FragmentContentDriver.next(XMLDocumentFragmentScannerImpl.java:2899)
		at java.xml/com.sun.org.apache.xerces.internal.impl.XMLDocumentScannerImpl.next(XMLDocumentScannerImpl.java:605)
		at java.xml/com.sun.org.apache.xerces.internal.impl.XMLDocumentFragmentScannerImpl.scanDocument(XMLDocumentFragmentScannerImpl.java:542)
		at java.xml/com.sun.org.apache.xerces.internal.parsers.XML11Configuration.parse(XML11Configuration.java:889)
		at java.xml/com.sun.org.apache.xerces.internal.parsers.XML11Configuration.parse(XML11Configuration.java:825)
		at java.xml/com.sun.org.apache.xerces.internal.parsers.XMLParser.parse(XMLParser.java:141)
		at java.xml/com.sun.org.apache.xerces.internal.parsers.AbstractSAXParser.parse(AbstractSAXParser.java:1224)
		at java.xml/com.sun.org.apache.xerces.internal.jaxp.SAXParserImpl$JAXPSAXParser.parse(SAXParserImpl.java:637)
		at org.apache.tomcat.util.digester.Digester.parse(Digester.java:1535)
		at org.apache.catalina.startup.Catalina.parseServerXml(Catalina.java:579)
		at org.apache.catalina.startup.Catalina.load(Catalina.java:671)
		at org.apache.catalina.startup.Catalina.load(Catalina.java:709)
		at java.base/jdk.internal.reflect.NativeMethodAccessorImpl.invoke0(Native Method)
		at java.base/jdk.internal.reflect.NativeMethodAccessorImpl.invoke(NativeMethodAccessorImpl.java:77)
		at java.base/jdk.internal.reflect.DelegatingMethodAccessorImpl.invoke(DelegatingMethodAccessorImpl.java:43)
		at java.base/java.lang.reflect.Method.invoke(Method.java:568)
		at org.apache.catalina.startup.Bootstrap.load(Bootstrap.java:302)
		at org.apache.catalina.startup.Bootstrap.main(Bootstrap.java:472)
08-Jul-2024 17:56:21.079 WARNING [main] org.apache.catalina.startup.Catalina.parseServerXml No pude cargar la configuración del servidor desde [E:\Respaldo\Documentos\Uni\Ingenieria\Booster2024\ServidoresAssesment\servidor_pelicula\apache-tomcat-9.0.89\conf\server.xml]
	org.xml.sax.SAXParseException; systemId: file:/E:/Respaldo/Documentos/Uni/Ingenieria/Booster2024/ServidoresAssesment/servidor_pelicula/apache-tomcat-9.0.89/conf/server.xml; lineNumber: 91; columnNumber: 8; The element type "SSLHostConfig" must be terminated by the matching end-tag "</SSLHostConfig>".
		at java.xml/com.sun.org.apache.xerces.internal.parsers.AbstractSAXParser.parse(AbstractSAXParser.java:1251)
		at java.xml/com.sun.org.apache.xerces.internal.jaxp.SAXParserImpl$JAXPSAXParser.parse(SAXParserImpl.java:637)
		at org.apache.tomcat.util.digester.Digester.parse(Digester.java:1535)
		at org.apache.catalina.startup.Catalina.parseServerXml(Catalina.java:579)
		at org.apache.catalina.startup.Catalina.load(Catalina.java:671)
		at org.apache.catalina.startup.Catalina.load(Catalina.java:709)
		at java.base/jdk.internal.reflect.NativeMethodAccessorImpl.invoke0(Native Method)
		at java.base/jdk.internal.reflect.NativeMethodAccessorImpl.invoke(NativeMethodAccessorImpl.java:77)
		at java.base/jdk.internal.reflect.DelegatingMethodAccessorImpl.invoke(DelegatingMethodAccessorImpl.java:43)
		at java.base/java.lang.reflect.Method.invoke(Method.java:568)
		at org.apache.catalina.startup.Bootstrap.load(Bootstrap.java:302)
		at org.apache.catalina.startup.Bootstrap.main(Bootstrap.java:472)
08-Jul-2024 17:57:28.753 WARNING [main] org.apache.tomcat.util.digester.SetPropertiesRule.begin Match [Server/Service/Connector] failed to set property [maxSpareThreads] to [25]
08-Jul-2024 17:57:28.757 WARNING [main] org.apache.tomcat.util.digester.SetPropertiesRule.begin Match [Server/Service/Connector] failed to set property [compressableMimeType] to [text/html,text/xml,text/plain,text/css,text/javascript,application/javascript,application/json]
08-Jul-2024 17:57:28.803 INFO [main] org.apache.catalina.startup.VersionLoggerListener.log Nombre de la versión del servidor: Apache Tomcat/9.0.89
08-Jul-2024 17:57:28.803 INFO [main] org.apache.catalina.startup.VersionLoggerListener.log Server built:                      May 3 2024 20:22:11 UTC
08-Jul-2024 17:57:28.803 INFO [main] org.apache.catalina.startup.VersionLoggerListener.log Número de versión de servidor:     9.0.89.0
08-Jul-2024 17:57:28.803 INFO [main] org.apache.catalina.startup.VersionLoggerListener.log OS Name:                           Windows 10
08-Jul-2024 17:57:28.804 INFO [main] org.apache.catalina.startup.VersionLoggerListener.log Versión de Systema Operativo:      10.0
08-Jul-2024 17:57:28.804 INFO [main] org.apache.catalina.startup.VersionLoggerListener.log Arquitectura:                      amd64
08-Jul-2024 17:57:28.804 INFO [main] org.apache.catalina.startup.VersionLoggerListener.log Java Home:                         C:\Program Files\Java\jdk-17
08-Jul-2024 17:57:28.804 INFO [main] org.apache.catalina.startup.VersionLoggerListener.log JVM Version:                       17.0.10+11-LTS-240
08-Jul-2024 17:57:28.804 INFO [main] org.apache.catalina.startup.VersionLoggerListener.log Vededor JVM:                       Oracle Corporation
08-Jul-2024 17:57:28.804 INFO [main] org.apache.catalina.startup.VersionLoggerListener.log CATALINA_BASE:                     E:\Respaldo\Documentos\Uni\Ingenieria\Booster2024\ServidoresAssesment\servidor_pelicula\apache-tomcat-9.0.89
08-Jul-2024 17:57:28.804 INFO [main] org.apache.catalina.startup.VersionLoggerListener.log CATALINA_HOME:                     E:\Respaldo\Documentos\Uni\Ingenieria\Booster2024\ServidoresAssesment\servidor_pelicula\apache-tomcat-9.0.89
08-Jul-2024 17:57:28.805 INFO [main] org.apache.catalina.startup.VersionLoggerListener.log Command line argument:             --add-opens=java.base/java.lang=ALL-UNNAMED
08-Jul-2024 17:57:28.805 INFO [main] org.apache.catalina.startup.VersionLoggerListener.log Command line argument:             --add-opens=java.base/java.io=ALL-UNNAMED
08-Jul-2024 17:57:28.806 INFO [main] org.apache.catalina.startup.VersionLoggerListener.log Command line argument:             --add-opens=java.base/java.util=ALL-UNNAMED
08-Jul-2024 17:57:28.806 INFO [main] org.apache.catalina.startup.VersionLoggerListener.log Command line argument:             --add-opens=java.base/java.util.concurrent=ALL-UNNAMED
08-Jul-2024 17:57:28.806 INFO [main] org.apache.catalina.startup.VersionLoggerListener.log Command line argument:             --add-opens=java.rmi/sun.rmi.transport=ALL-UNNAMED
08-Jul-2024 17:57:28.807 INFO [main] org.apache.catalina.startup.VersionLoggerListener.log Command line argument:             -Djava.util.logging.config.file=E:\Respaldo\Documentos\Uni\Ingenieria\Booster2024\ServidoresAssesment\servidor_pelicula\apache-tomcat-9.0.89\conf\logging.properties
08-Jul-2024 17:57:28.807 INFO [main] org.apache.catalina.startup.VersionLoggerListener.log Command line argument:             -Djava.util.logging.manager=org.apache.juli.ClassLoaderLogManager
08-Jul-2024 17:57:28.807 INFO [main] org.apache.catalina.startup.VersionLoggerListener.log Command line argument:             -Djdk.tls.ephemeralDHKeySize=2048
08-Jul-2024 17:57:28.807 INFO [main] org.apache.catalina.startup.VersionLoggerListener.log Command line argument:             -Djava.protocol.handler.pkgs=org.apache.catalina.webresources
08-Jul-2024 17:57:28.808 INFO [main] org.apache.catalina.startup.VersionLoggerListener.log Command line argument:             -Dignore.endorsed.dirs=
08-Jul-2024 17:57:28.808 INFO [main] org.apache.catalina.startup.VersionLoggerListener.log Command line argument:             -Dcatalina.base=E:\Respaldo\Documentos\Uni\Ingenieria\Booster2024\ServidoresAssesment\servidor_pelicula\apache-tomcat-9.0.89
08-Jul-2024 17:57:28.808 INFO [main] org.apache.catalina.startup.VersionLoggerListener.log Command line argument:             -Dcatalina.home=E:\Respaldo\Documentos\Uni\Ingenieria\Booster2024\ServidoresAssesment\servidor_pelicula\apache-tomcat-9.0.89
08-Jul-2024 17:57:28.808 INFO [main] org.apache.catalina.startup.VersionLoggerListener.log Command line argument:             -Djava.io.tmpdir=E:\Respaldo\Documentos\Uni\Ingenieria\Booster2024\ServidoresAssesment\servidor_pelicula\apache-tomcat-9.0.89\temp
08-Jul-2024 17:57:28.872 INFO [main] org.apache.catalina.core.AprLifecycleListener.lifecycleEvent Cargada la biblioteca nativa APR de Apache Tomcat [1.3.0] con la versión APR [1.7.4].
08-Jul-2024 17:57:28.872 INFO [main] org.apache.catalina.core.AprLifecycleListener.lifecycleEvent Capacidades APR: IPv6 [true], enviar fichero [true], aceptar filtros [false], aleatorio [true], UDS [true].
08-Jul-2024 17:57:28.873 INFO [main] org.apache.catalina.core.AprLifecycleListener.lifecycleEvent APR/OpenSSL configuration: useAprConnector [false], useOpenSSL [true]
08-Jul-2024 17:57:28.896 INFO [main] org.apache.catalina.core.AprLifecycleListener.initializeSSL OpenSSL inicializado correctamente [OpenSSL 3.0.13 30 Jan 2024]
08-Jul-2024 17:57:29.171 INFO [main] org.apache.coyote.AbstractProtocol.init Inicializando el manejador de protocolo ["http-nio-8080"]

08-Jul-2024 17:57:29.197 INFO [main] org.apache.catalina.startup.Catalina.load Server initialization in [585] milliseconds
08-Jul-2024 17:57:29.268 INFO [main] org.apache.catalina.core.StandardService.startInternal Arrancando servicio [Catalina]
08-Jul-2024 17:57:29.268 INFO [main] org.apache.catalina.core.StandardEngine.startInternal Starting Servlet engine: [Apache Tomcat/9.0.89]
08-Jul-2024 17:57:29.359 INFO [main] org.apache.catalina.startup.HostConfig.deployWAR Despliegue del archivo [E:\Respaldo\Documentos\Uni\Ingenieria\Booster2024\ServidoresAssesment\servidor_pelicula\apache-tomcat-9.0.89\webapps\TomcatServer.war] de la aplicación web
08-Jul-2024 17:57:29.381 INFO [main] org.apache.catalina.startup.ExpandWar.expand An expanded directory [E:\Respaldo\Documentos\Uni\Ingenieria\Booster2024\ServidoresAssesment\servidor_pelicula\apache-tomcat-9.0.89\webapps\TomcatServer] was found with a last modified time that did not match the associated WAR. It will be deleted.
08-Jul-2024 17:57:30.452 INFO [main] org.apache.jasper.servlet.TldScanner.scanJars Al menos un JAR, que se ha explorado buscando TLDs, aún no contenía TLDs. Activar historial de depuración para este historiador para una completa lista de los JARs que fueron explorados y de los que nos se halló TLDs. Saltarse JARs no necesarios durante la exploración puede dar lugar a una mejora de tiempo significativa en el arranque y compilación de JSP .
08-Jul-2024 17:57:30.549 INFO [main] org.apache.catalina.startup.HostConfig.deployWAR Deployment of web application archive [E:\Respaldo\Documentos\Uni\Ingenieria\Booster2024\ServidoresAssesment\servidor_pelicula\apache-tomcat-9.0.89\webapps\TomcatServer.war] has finished in [1.189] ms
08-Jul-2024 17:57:30.551 INFO [main] org.apache.catalina.startup.HostConfig.deployDirectory Desplegando el directorio [E:\Respaldo\Documentos\Uni\Ingenieria\Booster2024\ServidoresAssesment\servidor_pelicula\apache-tomcat-9.0.89\webapps\docs] de la aplicación web
08-Jul-2024 17:57:31.140 INFO [main] org.apache.jasper.servlet.TldScanner.scanJars Al menos un JAR, que se ha explorado buscando TLDs, aún no contenía TLDs. Activar historial de depuración para este historiador para una completa lista de los JARs que fueron explorados y de los que nos se halló TLDs. Saltarse JARs no necesarios durante la exploración puede dar lugar a una mejora de tiempo significativa en el arranque y compilación de JSP .
08-Jul-2024 17:57:31.144 INFO [main] org.apache.catalina.startup.HostConfig.deployDirectory Deployment of web application directory [E:\Respaldo\Documentos\Uni\Ingenieria\Booster2024\ServidoresAssesment\servidor_pelicula\apache-tomcat-9.0.89\webapps\docs] has finished in [594] ms
08-Jul-2024 17:57:31.145 INFO [main] org.apache.catalina.startup.HostConfig.deployDirectory Desplegando el directorio [E:\Respaldo\Documentos\Uni\Ingenieria\Booster2024\ServidoresAssesment\servidor_pelicula\apache-tomcat-9.0.89\webapps\examples] de la aplicación web
08-Jul-2024 17:57:32.568 INFO [main] org.apache.jasper.servlet.TldScanner.scanJars Al menos un JAR, que se ha explorado buscando TLDs, aún no contenía TLDs. Activar historial de depuración para este historiador para una completa lista de los JARs que fueron explorados y de los que nos se halló TLDs. Saltarse JARs no necesarios durante la exploración puede dar lugar a una mejora de tiempo significativa en el arranque y compilación de JSP .
08-Jul-2024 17:57:32.650 INFO [main] org.apache.catalina.startup.HostConfig.deployDirectory Deployment of web application directory [E:\Respaldo\Documentos\Uni\Ingenieria\Booster2024\ServidoresAssesment\servidor_pelicula\apache-tomcat-9.0.89\webapps\examples] has finished in [1.505] ms
08-Jul-2024 17:57:32.651 INFO [main] org.apache.catalina.startup.HostConfig.deployDirectory Desplegando el directorio [E:\Respaldo\Documentos\Uni\Ingenieria\Booster2024\ServidoresAssesment\servidor_pelicula\apache-tomcat-9.0.89\webapps\HelloWorld] de la aplicación web
08-Jul-2024 17:57:33.232 INFO [main] org.apache.jasper.servlet.TldScanner.scanJars Al menos un JAR, que se ha explorado buscando TLDs, aún no contenía TLDs. Activar historial de depuración para este historiador para una completa lista de los JARs que fueron explorados y de los que nos se halló TLDs. Saltarse JARs no necesarios durante la exploración puede dar lugar a una mejora de tiempo significativa en el arranque y compilación de JSP .
08-Jul-2024 17:57:33.237 INFO [main] org.apache.catalina.startup.HostConfig.deployDirectory Deployment of web application directory [E:\Respaldo\Documentos\Uni\Ingenieria\Booster2024\ServidoresAssesment\servidor_pelicula\apache-tomcat-9.0.89\webapps\HelloWorld] has finished in [585] ms
08-Jul-2024 17:57:33.237 INFO [main] org.apache.catalina.startup.HostConfig.deployDirectory Desplegando el directorio [E:\Respaldo\Documentos\Uni\Ingenieria\Booster2024\ServidoresAssesment\servidor_pelicula\apache-tomcat-9.0.89\webapps\host-manager] de la aplicación web
08-Jul-2024 17:57:33.753 INFO [main] org.apache.jasper.servlet.TldScanner.scanJars Al menos un JAR, que se ha explorado buscando TLDs, aún no contenía TLDs. Activar historial de depuración para este historiador para una completa lista de los JARs que fueron explorados y de los que nos se halló TLDs. Saltarse JARs no necesarios durante la exploración puede dar lugar a una mejora de tiempo significativa en el arranque y compilación de JSP .
08-Jul-2024 17:57:33.761 INFO [main] org.apache.catalina.startup.HostConfig.deployDirectory Deployment of web application directory [E:\Respaldo\Documentos\Uni\Ingenieria\Booster2024\ServidoresAssesment\servidor_pelicula\apache-tomcat-9.0.89\webapps\host-manager] has finished in [524] ms
08-Jul-2024 17:57:33.761 INFO [main] org.apache.catalina.startup.HostConfig.deployDirectory Desplegando el directorio [E:\Respaldo\Documentos\Uni\Ingenieria\Booster2024\ServidoresAssesment\servidor_pelicula\apache-tomcat-9.0.89\webapps\manager] de la aplicación web
08-Jul-2024 17:57:34.253 INFO [main] org.apache.jasper.servlet.TldScanner.scanJars Al menos un JAR, que se ha explorado buscando TLDs, aún no contenía TLDs. Activar historial de depuración para este historiador para una completa lista de los JARs que fueron explorados y de los que nos se halló TLDs. Saltarse JARs no necesarios durante la exploración puede dar lugar a una mejora de tiempo significativa en el arranque y compilación de JSP .
08-Jul-2024 17:57:34.257 INFO [main] org.apache.catalina.startup.HostConfig.deployDirectory Deployment of web application directory [E:\Respaldo\Documentos\Uni\Ingenieria\Booster2024\ServidoresAssesment\servidor_pelicula\apache-tomcat-9.0.89\webapps\manager] has finished in [496] ms
08-Jul-2024 17:57:34.257 INFO [main] org.apache.catalina.startup.HostConfig.deployDirectory Desplegando el directorio [E:\Respaldo\Documentos\Uni\Ingenieria\Booster2024\ServidoresAssesment\servidor_pelicula\apache-tomcat-9.0.89\webapps\ROOT] de la aplicación web
08-Jul-2024 17:57:34.789 INFO [main] org.apache.jasper.servlet.TldScanner.scanJars Al menos un JAR, que se ha explorado buscando TLDs, aún no contenía TLDs. Activar historial de depuración para este historiador para una completa lista de los JARs que fueron explorados y de los que nos se halló TLDs. Saltarse JARs no necesarios durante la exploración puede dar lugar a una mejora de tiempo significativa en el arranque y compilación de JSP .
08-Jul-2024 17:57:34.794 INFO [main] org.apache.catalina.startup.HostConfig.deployDirectory Deployment of web application directory [E:\Respaldo\Documentos\Uni\Ingenieria\Booster2024\ServidoresAssesment\servidor_pelicula\apache-tomcat-9.0.89\webapps\ROOT] has finished in [537] ms
08-Jul-2024 17:57:34.801 INFO [main] org.apache.coyote.AbstractProtocol.start Starting ProtocolHandler ["http-nio-8080"]
08-Jul-2024 17:57:34.843 INFO [main] org.apache.catalina.startup.Catalina.start Server startup in [5645] milliseconds
08-Jul-2024 17:59:18.677 WARNING [main] org.apache.tomcat.util.digester.SetPropertiesRule.begin Match [Server/Service/Connector] failed to set property [maxSpareThreads] to [25]
08-Jul-2024 17:59:18.681 WARNING [main] org.apache.tomcat.util.digester.SetPropertiesRule.begin Match [Server/Service/Connector] failed to set property [compressableMimeType] to [text/html,text/xml,text/plain,text/css,text/javascript,application/javascript,application/json]
08-Jul-2024 17:59:18.691 SEVERE [main] org.apache.tomcat.util.digester.Digester.fatalError Parse fatal error at line [91] column [8]
	org.xml.sax.SAXParseException; systemId: file:/E:/Respaldo/Documentos/Uni/Ingenieria/Booster2024/ServidoresAssesment/servidor_pelicula/apache-tomcat-9.0.89/conf/server.xml; lineNumber: 91; columnNumber: 8; The element type "SSLHostConfig" must be terminated by the matching end-tag "</SSLHostConfig>".
		at java.xml/com.sun.org.apache.xerces.internal.util.ErrorHandlerWrapper.createSAXParseException(ErrorHandlerWrapper.java:204)
		at java.xml/com.sun.org.apache.xerces.internal.util.ErrorHandlerWrapper.fatalError(ErrorHandlerWrapper.java:178)
		at java.xml/com.sun.org.apache.xerces.internal.impl.XMLErrorReporter.reportError(XMLErrorReporter.java:400)
		at java.xml/com.sun.org.apache.xerces.internal.impl.XMLErrorReporter.reportError(XMLErrorReporter.java:327)
		at java.xml/com.sun.org.apache.xerces.internal.impl.XMLScanner.reportFatalError(XMLScanner.java:1465)
		at java.xml/com.sun.org.apache.xerces.internal.impl.XMLDocumentFragmentScannerImpl.scanEndElement(XMLDocumentFragmentScannerImpl.java:1695)
		at java.xml/com.sun.org.apache.xerces.internal.impl.XMLDocumentFragmentScannerImpl$FragmentContentDriver.next(XMLDocumentFragmentScannerImpl.java:2899)
		at java.xml/com.sun.org.apache.xerces.internal.impl.XMLDocumentScannerImpl.next(XMLDocumentScannerImpl.java:605)
		at java.xml/com.sun.org.apache.xerces.internal.impl.XMLDocumentFragmentScannerImpl.scanDocument(XMLDocumentFragmentScannerImpl.java:542)
		at java.xml/com.sun.org.apache.xerces.internal.parsers.XML11Configuration.parse(XML11Configuration.java:889)
		at java.xml/com.sun.org.apache.xerces.internal.parsers.XML11Configuration.parse(XML11Configuration.java:825)
		at java.xml/com.sun.org.apache.xerces.internal.parsers.XMLParser.parse(XMLParser.java:141)
		at java.xml/com.sun.org.apache.xerces.internal.parsers.AbstractSAXParser.parse(AbstractSAXParser.java:1224)
		at java.xml/com.sun.org.apache.xerces.internal.jaxp.SAXParserImpl$JAXPSAXParser.parse(SAXParserImpl.java:637)
		at org.apache.tomcat.util.digester.Digester.parse(Digester.java:1535)
		at org.apache.catalina.startup.Catalina.parseServerXml(Catalina.java:579)
		at org.apache.catalina.startup.Catalina.load(Catalina.java:671)
		at org.apache.catalina.startup.Catalina.load(Catalina.java:709)
		at java.base/jdk.internal.reflect.NativeMethodAccessorImpl.invoke0(Native Method)
		at java.base/jdk.internal.reflect.NativeMethodAccessorImpl.invoke(NativeMethodAccessorImpl.java:77)
		at java.base/jdk.internal.reflect.DelegatingMethodAccessorImpl.invoke(DelegatingMethodAccessorImpl.java:43)
		at java.base/java.lang.reflect.Method.invoke(Method.java:568)
		at org.apache.catalina.startup.Bootstrap.load(Bootstrap.java:302)
		at org.apache.catalina.startup.Bootstrap.main(Bootstrap.java:472)
08-Jul-2024 17:59:18.693 WARNING [main] org.apache.catalina.startup.Catalina.parseServerXml No pude cargar la configuración del servidor desde [E:\Respaldo\Documentos\Uni\Ingenieria\Booster2024\ServidoresAssesment\servidor_pelicula\apache-tomcat-9.0.89\conf\server.xml]
	org.xml.sax.SAXParseException; systemId: file:/E:/Respaldo/Documentos/Uni/Ingenieria/Booster2024/ServidoresAssesment/servidor_pelicula/apache-tomcat-9.0.89/conf/server.xml; lineNumber: 91; columnNumber: 8; The element type "SSLHostConfig" must be terminated by the matching end-tag "</SSLHostConfig>".
		at java.xml/com.sun.org.apache.xerces.internal.parsers.AbstractSAXParser.parse(AbstractSAXParser.java:1251)
		at java.xml/com.sun.org.apache.xerces.internal.jaxp.SAXParserImpl$JAXPSAXParser.parse(SAXParserImpl.java:637)
		at org.apache.tomcat.util.digester.Digester.parse(Digester.java:1535)
		at org.apache.catalina.startup.Catalina.parseServerXml(Catalina.java:579)
		at org.apache.catalina.startup.Catalina.load(Catalina.java:671)
		at org.apache.catalina.startup.Catalina.load(Catalina.java:709)
		at java.base/jdk.internal.reflect.NativeMethodAccessorImpl.invoke0(Native Method)
		at java.base/jdk.internal.reflect.NativeMethodAccessorImpl.invoke(NativeMethodAccessorImpl.java:77)
		at java.base/jdk.internal.reflect.DelegatingMethodAccessorImpl.invoke(DelegatingMethodAccessorImpl.java:43)
		at java.base/java.lang.reflect.Method.invoke(Method.java:568)
		at org.apache.catalina.startup.Bootstrap.load(Bootstrap.java:302)
		at org.apache.catalina.startup.Bootstrap.main(Bootstrap.java:472)
08-Jul-2024 17:59:18.694 SEVERE [main] org.apache.catalina.startup.Catalina.start Cannot start server, server instance is not configured
08-Jul-2024 18:01:18.868 WARNING [main] org.apache.tomcat.util.digester.SetPropertiesRule.begin Match [Server/Service/Connector] failed to set property [maxSpareThreads] to [25]
08-Jul-2024 18:01:18.872 WARNING [main] org.apache.tomcat.util.digester.SetPropertiesRule.begin Match [Server/Service/Connector] failed to set property [compressableMimeType] to [text/html,text/xml,text/plain,text/css,text/javascript,application/javascript,application/json]
08-Jul-2024 18:01:18.914 INFO [main] org.apache.catalina.startup.VersionLoggerListener.log Nombre de la versión del servidor: Apache Tomcat/9.0.89
08-Jul-2024 18:01:18.915 INFO [main] org.apache.catalina.startup.VersionLoggerListener.log Server built:                      May 3 2024 20:22:11 UTC
08-Jul-2024 18:01:18.915 INFO [main] org.apache.catalina.startup.VersionLoggerListener.log Número de versión de servidor:     9.0.89.0
08-Jul-2024 18:01:18.915 INFO [main] org.apache.catalina.startup.VersionLoggerListener.log OS Name:                           Windows 10
08-Jul-2024 18:01:18.915 INFO [main] org.apache.catalina.startup.VersionLoggerListener.log Versión de Systema Operativo:      10.0
08-Jul-2024 18:01:18.915 INFO [main] org.apache.catalina.startup.VersionLoggerListener.log Arquitectura:                      amd64
08-Jul-2024 18:01:18.916 INFO [main] org.apache.catalina.startup.VersionLoggerListener.log Java Home:                         C:\Program Files\Java\jdk-17
08-Jul-2024 18:01:18.916 INFO [main] org.apache.catalina.startup.VersionLoggerListener.log JVM Version:                       17.0.10+11-LTS-240
08-Jul-2024 18:01:18.916 INFO [main] org.apache.catalina.startup.VersionLoggerListener.log Vededor JVM:                       Oracle Corporation
08-Jul-2024 18:01:18.916 INFO [main] org.apache.catalina.startup.VersionLoggerListener.log CATALINA_BASE:                     E:\Respaldo\Documentos\Uni\Ingenieria\Booster2024\ServidoresAssesment\servidor_pelicula\apache-tomcat-9.0.89
08-Jul-2024 18:01:18.916 INFO [main] org.apache.catalina.startup.VersionLoggerListener.log CATALINA_HOME:                     E:\Respaldo\Documentos\Uni\Ingenieria\Booster2024\ServidoresAssesment\servidor_pelicula\apache-tomcat-9.0.89
08-Jul-2024 18:01:18.917 INFO [main] org.apache.catalina.startup.VersionLoggerListener.log Command line argument:             --add-opens=java.base/java.lang=ALL-UNNAMED
08-Jul-2024 18:01:18.917 INFO [main] org.apache.catalina.startup.VersionLoggerListener.log Command line argument:             --add-opens=java.base/java.io=ALL-UNNAMED
08-Jul-2024 18:01:18.917 INFO [main] org.apache.catalina.startup.VersionLoggerListener.log Command line argument:             --add-opens=java.base/java.util=ALL-UNNAMED
08-Jul-2024 18:01:18.917 INFO [main] org.apache.catalina.startup.VersionLoggerListener.log Command line argument:             --add-opens=java.base/java.util.concurrent=ALL-UNNAMED
08-Jul-2024 18:01:18.918 INFO [main] org.apache.catalina.startup.VersionLoggerListener.log Command line argument:             --add-opens=java.rmi/sun.rmi.transport=ALL-UNNAMED
08-Jul-2024 18:01:18.918 INFO [main] org.apache.catalina.startup.VersionLoggerListener.log Command line argument:             -Djava.util.logging.config.file=E:\Respaldo\Documentos\Uni\Ingenieria\Booster2024\ServidoresAssesment\servidor_pelicula\apache-tomcat-9.0.89\conf\logging.properties
08-Jul-2024 18:01:18.919 INFO [main] org.apache.catalina.startup.VersionLoggerListener.log Command line argument:             -Djava.util.logging.manager=org.apache.juli.ClassLoaderLogManager
08-Jul-2024 18:01:18.919 INFO [main] org.apache.catalina.startup.VersionLoggerListener.log Command line argument:             -Djdk.tls.ephemeralDHKeySize=2048
08-Jul-2024 18:01:18.919 INFO [main] org.apache.catalina.startup.VersionLoggerListener.log Command line argument:             -Djava.protocol.handler.pkgs=org.apache.catalina.webresources
08-Jul-2024 18:01:18.920 INFO [main] org.apache.catalina.startup.VersionLoggerListener.log Command line argument:             -Dignore.endorsed.dirs=
08-Jul-2024 18:01:18.920 INFO [main] org.apache.catalina.startup.VersionLoggerListener.log Command line argument:             -Dcatalina.base=E:\Respaldo\Documentos\Uni\Ingenieria\Booster2024\ServidoresAssesment\servidor_pelicula\apache-tomcat-9.0.89
08-Jul-2024 18:01:18.920 INFO [main] org.apache.catalina.startup.VersionLoggerListener.log Command line argument:             -Dcatalina.home=E:\Respaldo\Documentos\Uni\Ingenieria\Booster2024\ServidoresAssesment\servidor_pelicula\apache-tomcat-9.0.89
08-Jul-2024 18:01:18.921 INFO [main] org.apache.catalina.startup.VersionLoggerListener.log Command line argument:             -Djava.io.tmpdir=E:\Respaldo\Documentos\Uni\Ingenieria\Booster2024\ServidoresAssesment\servidor_pelicula\apache-tomcat-9.0.89\temp
08-Jul-2024 18:01:18.924 INFO [main] org.apache.catalina.core.AprLifecycleListener.lifecycleEvent Cargada la biblioteca nativa APR de Apache Tomcat [1.3.0] con la versión APR [1.7.4].
08-Jul-2024 18:01:18.924 INFO [main] org.apache.catalina.core.AprLifecycleListener.lifecycleEvent Capacidades APR: IPv6 [true], enviar fichero [true], aceptar filtros [false], aleatorio [true], UDS [true].
08-Jul-2024 18:01:18.924 INFO [main] org.apache.catalina.core.AprLifecycleListener.lifecycleEvent APR/OpenSSL configuration: useAprConnector [false], useOpenSSL [true]
08-Jul-2024 18:01:18.930 INFO [main] org.apache.catalina.core.AprLifecycleListener.initializeSSL OpenSSL inicializado correctamente [OpenSSL 3.0.13 30 Jan 2024]
08-Jul-2024 18:01:19.156 INFO [main] org.apache.coyote.AbstractProtocol.init Inicializando el manejador de protocolo ["http-nio-8080"]

08-Jul-2024 18:01:19.178 INFO [main] org.apache.coyote.AbstractProtocol.init Inicializando el manejador de protocolo ["https-openssl-nio-8443"]

08-Jul-2024 18:01:19.475 INFO [main] org.apache.tomcat.util.net.AbstractEndpoint.logCertificate Connector [https-openssl-nio-8443], TLS virtual host [_default_], certificate type [RSA] configured from keystore [./keystore.jks] using alias [tomcat] with trust store [null]
08-Jul-2024 18:01:19.477 INFO [main] org.apache.catalina.startup.Catalina.load Server initialization in [744] milliseconds
08-Jul-2024 18:01:19.521 INFO [main] org.apache.catalina.core.StandardService.startInternal Arrancando servicio [Catalina]
08-Jul-2024 18:01:19.521 INFO [main] org.apache.catalina.core.StandardEngine.startInternal Starting Servlet engine: [Apache Tomcat/9.0.89]
08-Jul-2024 18:01:19.613 INFO [main] org.apache.catalina.startup.HostConfig.deployWAR Despliegue del archivo [E:\Respaldo\Documentos\Uni\Ingenieria\Booster2024\ServidoresAssesment\servidor_pelicula\apache-tomcat-9.0.89\webapps\TomcatServer.war] de la aplicación web
08-Jul-2024 18:01:19.630 INFO [main] org.apache.catalina.startup.ExpandWar.expand An expanded directory [E:\Respaldo\Documentos\Uni\Ingenieria\Booster2024\ServidoresAssesment\servidor_pelicula\apache-tomcat-9.0.89\webapps\TomcatServer] was found with a last modified time that did not match the associated WAR. It will be deleted.
08-Jul-2024 18:01:20.483 INFO [main] org.apache.jasper.servlet.TldScanner.scanJars Al menos un JAR, que se ha explorado buscando TLDs, aún no contenía TLDs. Activar historial de depuración para este historiador para una completa lista de los JARs que fueron explorados y de los que nos se halló TLDs. Saltarse JARs no necesarios durante la exploración puede dar lugar a una mejora de tiempo significativa en el arranque y compilación de JSP .
08-Jul-2024 18:01:20.542 INFO [main] org.apache.catalina.startup.HostConfig.deployWAR Deployment of web application archive [E:\Respaldo\Documentos\Uni\Ingenieria\Booster2024\ServidoresAssesment\servidor_pelicula\apache-tomcat-9.0.89\webapps\TomcatServer.war] has finished in [927] ms
08-Jul-2024 18:01:20.543 INFO [main] org.apache.catalina.startup.HostConfig.deployDirectory Desplegando el directorio [E:\Respaldo\Documentos\Uni\Ingenieria\Booster2024\ServidoresAssesment\servidor_pelicula\apache-tomcat-9.0.89\webapps\docs] de la aplicación web
08-Jul-2024 18:01:21.081 INFO [main] org.apache.jasper.servlet.TldScanner.scanJars Al menos un JAR, que se ha explorado buscando TLDs, aún no contenía TLDs. Activar historial de depuración para este historiador para una completa lista de los JARs que fueron explorados y de los que nos se halló TLDs. Saltarse JARs no necesarios durante la exploración puede dar lugar a una mejora de tiempo significativa en el arranque y compilación de JSP .
08-Jul-2024 18:01:21.086 INFO [main] org.apache.catalina.startup.HostConfig.deployDirectory Deployment of web application directory [E:\Respaldo\Documentos\Uni\Ingenieria\Booster2024\ServidoresAssesment\servidor_pelicula\apache-tomcat-9.0.89\webapps\docs] has finished in [543] ms
08-Jul-2024 18:01:21.087 INFO [main] org.apache.catalina.startup.HostConfig.deployDirectory Desplegando el directorio [E:\Respaldo\Documentos\Uni\Ingenieria\Booster2024\ServidoresAssesment\servidor_pelicula\apache-tomcat-9.0.89\webapps\examples] de la aplicación web
08-Jul-2024 18:01:22.130 INFO [main] org.apache.jasper.servlet.TldScanner.scanJars Al menos un JAR, que se ha explorado buscando TLDs, aún no contenía TLDs. Activar historial de depuración para este historiador para una completa lista de los JARs que fueron explorados y de los que nos se halló TLDs. Saltarse JARs no necesarios durante la exploración puede dar lugar a una mejora de tiempo significativa en el arranque y compilación de JSP .
08-Jul-2024 18:01:22.214 INFO [main] org.apache.catalina.startup.HostConfig.deployDirectory Deployment of web application directory [E:\Respaldo\Documentos\Uni\Ingenieria\Booster2024\ServidoresAssesment\servidor_pelicula\apache-tomcat-9.0.89\webapps\examples] has finished in [1.127] ms
08-Jul-2024 18:01:22.214 INFO [main] org.apache.catalina.startup.HostConfig.deployDirectory Desplegando el directorio [E:\Respaldo\Documentos\Uni\Ingenieria\Booster2024\ServidoresAssesment\servidor_pelicula\apache-tomcat-9.0.89\webapps\HelloWorld] de la aplicación web
08-Jul-2024 18:01:22.762 INFO [main] org.apache.jasper.servlet.TldScanner.scanJars Al menos un JAR, que se ha explorado buscando TLDs, aún no contenía TLDs. Activar historial de depuración para este historiador para una completa lista de los JARs que fueron explorados y de los que nos se halló TLDs. Saltarse JARs no necesarios durante la exploración puede dar lugar a una mejora de tiempo significativa en el arranque y compilación de JSP .
08-Jul-2024 18:01:22.766 INFO [main] org.apache.catalina.startup.HostConfig.deployDirectory Deployment of web application directory [E:\Respaldo\Documentos\Uni\Ingenieria\Booster2024\ServidoresAssesment\servidor_pelicula\apache-tomcat-9.0.89\webapps\HelloWorld] has finished in [552] ms
08-Jul-2024 18:01:22.767 INFO [main] org.apache.catalina.startup.HostConfig.deployDirectory Desplegando el directorio [E:\Respaldo\Documentos\Uni\Ingenieria\Booster2024\ServidoresAssesment\servidor_pelicula\apache-tomcat-9.0.89\webapps\host-manager] de la aplicación web
08-Jul-2024 18:01:23.289 INFO [main] org.apache.jasper.servlet.TldScanner.scanJars Al menos un JAR, que se ha explorado buscando TLDs, aún no contenía TLDs. Activar historial de depuración para este historiador para una completa lista de los JARs que fueron explorados y de los que nos se halló TLDs. Saltarse JARs no necesarios durante la exploración puede dar lugar a una mejora de tiempo significativa en el arranque y compilación de JSP .
08-Jul-2024 18:01:23.296 INFO [main] org.apache.catalina.startup.HostConfig.deployDirectory Deployment of web application directory [E:\Respaldo\Documentos\Uni\Ingenieria\Booster2024\ServidoresAssesment\servidor_pelicula\apache-tomcat-9.0.89\webapps\host-manager] has finished in [529] ms
08-Jul-2024 18:01:23.297 INFO [main] org.apache.catalina.startup.HostConfig.deployDirectory Desplegando el directorio [E:\Respaldo\Documentos\Uni\Ingenieria\Booster2024\ServidoresAssesment\servidor_pelicula\apache-tomcat-9.0.89\webapps\manager] de la aplicación web
08-Jul-2024 18:01:23.796 INFO [main] org.apache.jasper.servlet.TldScanner.scanJars Al menos un JAR, que se ha explorado buscando TLDs, aún no contenía TLDs. Activar historial de depuración para este historiador para una completa lista de los JARs que fueron explorados y de los que nos se halló TLDs. Saltarse JARs no necesarios durante la exploración puede dar lugar a una mejora de tiempo significativa en el arranque y compilación de JSP .
08-Jul-2024 18:01:23.800 INFO [main] org.apache.catalina.startup.HostConfig.deployDirectory Deployment of web application directory [E:\Respaldo\Documentos\Uni\Ingenieria\Booster2024\ServidoresAssesment\servidor_pelicula\apache-tomcat-9.0.89\webapps\manager] has finished in [503] ms
08-Jul-2024 18:01:23.801 INFO [main] org.apache.catalina.startup.HostConfig.deployDirectory Desplegando el directorio [E:\Respaldo\Documentos\Uni\Ingenieria\Booster2024\ServidoresAssesment\servidor_pelicula\apache-tomcat-9.0.89\webapps\ROOT] de la aplicación web
08-Jul-2024 18:01:24.280 INFO [main] org.apache.jasper.servlet.TldScanner.scanJars Al menos un JAR, que se ha explorado buscando TLDs, aún no contenía TLDs. Activar historial de depuración para este historiador para una completa lista de los JARs que fueron explorados y de los que nos se halló TLDs. Saltarse JARs no necesarios durante la exploración puede dar lugar a una mejora de tiempo significativa en el arranque y compilación de JSP .
08-Jul-2024 18:01:24.284 INFO [main] org.apache.catalina.startup.HostConfig.deployDirectory Deployment of web application directory [E:\Respaldo\Documentos\Uni\Ingenieria\Booster2024\ServidoresAssesment\servidor_pelicula\apache-tomcat-9.0.89\webapps\ROOT] has finished in [483] ms
08-Jul-2024 18:01:24.288 INFO [main] org.apache.coyote.AbstractProtocol.start Starting ProtocolHandler ["http-nio-8080"]
08-Jul-2024 18:01:24.304 INFO [main] org.apache.coyote.AbstractProtocol.start Starting ProtocolHandler ["https-openssl-nio-8443"]
08-Jul-2024 18:01:24.307 INFO [main] org.apache.catalina.startup.Catalina.start Server startup in [4829] milliseconds
08-Jul-2024 18:03:55.177 WARNING [main] org.apache.tomcat.util.digester.SetPropertiesRule.begin Match [Server/Service/Connector] failed to set property [maxSpareThreads] to [25]
08-Jul-2024 18:03:55.181 WARNING [main] org.apache.tomcat.util.digester.SetPropertiesRule.begin Match [Server/Service/Connector] failed to set property [compressableMimeType] to [text/html,text/xml,text/plain,text/css,text/javascript,application/javascript,application/json]
08-Jul-2024 18:03:55.228 INFO [main] org.apache.catalina.startup.VersionLoggerListener.log Nombre de la versión del servidor: Apache Tomcat/9.0.89
08-Jul-2024 18:03:55.228 INFO [main] org.apache.catalina.startup.VersionLoggerListener.log Server built:                      May 3 2024 20:22:11 UTC
08-Jul-2024 18:03:55.229 INFO [main] org.apache.catalina.startup.VersionLoggerListener.log Número de versión de servidor:     9.0.89.0
08-Jul-2024 18:03:55.229 INFO [main] org.apache.catalina.startup.VersionLoggerListener.log OS Name:                           Windows 10
08-Jul-2024 18:03:55.229 INFO [main] org.apache.catalina.startup.VersionLoggerListener.log Versión de Systema Operativo:      10.0
08-Jul-2024 18:03:55.229 INFO [main] org.apache.catalina.startup.VersionLoggerListener.log Arquitectura:                      amd64
08-Jul-2024 18:03:55.229 INFO [main] org.apache.catalina.startup.VersionLoggerListener.log Java Home:                         C:\Program Files\Java\jdk-17
08-Jul-2024 18:03:55.229 INFO [main] org.apache.catalina.startup.VersionLoggerListener.log JVM Version:                       17.0.10+11-LTS-240
08-Jul-2024 18:03:55.230 INFO [main] org.apache.catalina.startup.VersionLoggerListener.log Vededor JVM:                       Oracle Corporation
08-Jul-2024 18:03:55.230 INFO [main] org.apache.catalina.startup.VersionLoggerListener.log CATALINA_BASE:                     E:\Respaldo\Documentos\Uni\Ingenieria\Booster2024\ServidoresAssesment\servidor_pelicula\apache-tomcat-9.0.89
08-Jul-2024 18:03:55.230 INFO [main] org.apache.catalina.startup.VersionLoggerListener.log CATALINA_HOME:                     E:\Respaldo\Documentos\Uni\Ingenieria\Booster2024\ServidoresAssesment\servidor_pelicula\apache-tomcat-9.0.89
08-Jul-2024 18:03:55.231 INFO [main] org.apache.catalina.startup.VersionLoggerListener.log Command line argument:             --add-opens=java.base/java.lang=ALL-UNNAMED
08-Jul-2024 18:03:55.231 INFO [main] org.apache.catalina.startup.VersionLoggerListener.log Command line argument:             --add-opens=java.base/java.io=ALL-UNNAMED
08-Jul-2024 18:03:55.231 INFO [main] org.apache.catalina.startup.VersionLoggerListener.log Command line argument:             --add-opens=java.base/java.util=ALL-UNNAMED
08-Jul-2024 18:03:55.232 INFO [main] org.apache.catalina.startup.VersionLoggerListener.log Command line argument:             --add-opens=java.base/java.util.concurrent=ALL-UNNAMED
08-Jul-2024 18:03:55.232 INFO [main] org.apache.catalina.startup.VersionLoggerListener.log Command line argument:             --add-opens=java.rmi/sun.rmi.transport=ALL-UNNAMED
08-Jul-2024 18:03:55.232 INFO [main] org.apache.catalina.startup.VersionLoggerListener.log Command line argument:             -Djava.util.logging.config.file=E:\Respaldo\Documentos\Uni\Ingenieria\Booster2024\ServidoresAssesment\servidor_pelicula\apache-tomcat-9.0.89\conf\logging.properties
08-Jul-2024 18:03:55.233 INFO [main] org.apache.catalina.startup.VersionLoggerListener.log Command line argument:             -Djava.util.logging.manager=org.apache.juli.ClassLoaderLogManager
08-Jul-2024 18:03:55.233 INFO [main] org.apache.catalina.startup.VersionLoggerListener.log Command line argument:             -Djdk.tls.ephemeralDHKeySize=2048
08-Jul-2024 18:03:55.233 INFO [main] org.apache.catalina.startup.VersionLoggerListener.log Command line argument:             -Djava.protocol.handler.pkgs=org.apache.catalina.webresources
08-Jul-2024 18:03:55.234 INFO [main] org.apache.catalina.startup.VersionLoggerListener.log Command line argument:             -Dignore.endorsed.dirs=
08-Jul-2024 18:03:55.234 INFO [main] org.apache.catalina.startup.VersionLoggerListener.log Command line argument:             -Dcatalina.base=E:\Respaldo\Documentos\Uni\Ingenieria\Booster2024\ServidoresAssesment\servidor_pelicula\apache-tomcat-9.0.89
08-Jul-2024 18:03:55.234 INFO [main] org.apache.catalina.startup.VersionLoggerListener.log Command line argument:             -Dcatalina.home=E:\Respaldo\Documentos\Uni\Ingenieria\Booster2024\ServidoresAssesment\servidor_pelicula\apache-tomcat-9.0.89
08-Jul-2024 18:03:55.235 INFO [main] org.apache.catalina.startup.VersionLoggerListener.log Command line argument:             -Djava.io.tmpdir=E:\Respaldo\Documentos\Uni\Ingenieria\Booster2024\ServidoresAssesment\servidor_pelicula\apache-tomcat-9.0.89\temp
08-Jul-2024 18:03:55.238 INFO [main] org.apache.catalina.core.AprLifecycleListener.lifecycleEvent Cargada la biblioteca nativa APR de Apache Tomcat [1.3.0] con la versión APR [1.7.4].
08-Jul-2024 18:03:55.238 INFO [main] org.apache.catalina.core.AprLifecycleListener.lifecycleEvent Capacidades APR: IPv6 [true], enviar fichero [true], aceptar filtros [false], aleatorio [true], UDS [true].
08-Jul-2024 18:03:55.239 INFO [main] org.apache.catalina.core.AprLifecycleListener.lifecycleEvent APR/OpenSSL configuration: useAprConnector [false], useOpenSSL [true]
08-Jul-2024 18:03:55.245 INFO [main] org.apache.catalina.core.AprLifecycleListener.initializeSSL OpenSSL inicializado correctamente [OpenSSL 3.0.13 30 Jan 2024]
08-Jul-2024 18:03:55.463 INFO [main] org.apache.coyote.AbstractProtocol.init Inicializando el manejador de protocolo ["http-nio-8080"]

08-Jul-2024 18:03:55.486 INFO [main] org.apache.coyote.AbstractProtocol.init Inicializando el manejador de protocolo ["https-openssl-nio-8443"]

08-Jul-2024 18:03:55.688 INFO [main] org.apache.tomcat.util.net.AbstractEndpoint.logCertificate Connector [https-openssl-nio-8443], TLS virtual host [_default_], certificate type [RSA] configured from keystore [./keystore.jks] using alias [tomcat] with trust store [null]
08-Jul-2024 18:03:55.690 INFO [main] org.apache.catalina.startup.Catalina.load Server initialization in [661] milliseconds
08-Jul-2024 18:03:55.747 INFO [main] org.apache.catalina.core.StandardService.startInternal Arrancando servicio [Catalina]
08-Jul-2024 18:03:55.747 INFO [main] org.apache.catalina.core.StandardEngine.startInternal Starting Servlet engine: [Apache Tomcat/9.0.89]
08-Jul-2024 18:03:55.854 INFO [main] org.apache.catalina.startup.HostConfig.deployWAR Despliegue del archivo [E:\Respaldo\Documentos\Uni\Ingenieria\Booster2024\ServidoresAssesment\servidor_pelicula\apache-tomcat-9.0.89\webapps\TomcatServer.war] de la aplicación web
08-Jul-2024 18:03:55.871 INFO [main] org.apache.catalina.startup.ExpandWar.expand An expanded directory [E:\Respaldo\Documentos\Uni\Ingenieria\Booster2024\ServidoresAssesment\servidor_pelicula\apache-tomcat-9.0.89\webapps\TomcatServer] was found with a last modified time that did not match the associated WAR. It will be deleted.
08-Jul-2024 18:03:56.914 INFO [main] org.apache.jasper.servlet.TldScanner.scanJars Al menos un JAR, que se ha explorado buscando TLDs, aún no contenía TLDs. Activar historial de depuración para este historiador para una completa lista de los JARs que fueron explorados y de los que nos se halló TLDs. Saltarse JARs no necesarios durante la exploración puede dar lugar a una mejora de tiempo significativa en el arranque y compilación de JSP .
08-Jul-2024 18:03:56.991 INFO [main] org.apache.catalina.startup.HostConfig.deployWAR Deployment of web application archive [E:\Respaldo\Documentos\Uni\Ingenieria\Booster2024\ServidoresAssesment\servidor_pelicula\apache-tomcat-9.0.89\webapps\TomcatServer.war] has finished in [1.135] ms
08-Jul-2024 18:03:56.993 INFO [main] org.apache.catalina.startup.HostConfig.deployDirectory Desplegando el directorio [E:\Respaldo\Documentos\Uni\Ingenieria\Booster2024\ServidoresAssesment\servidor_pelicula\apache-tomcat-9.0.89\webapps\docs] de la aplicación web
08-Jul-2024 18:03:57.569 INFO [main] org.apache.jasper.servlet.TldScanner.scanJars Al menos un JAR, que se ha explorado buscando TLDs, aún no contenía TLDs. Activar historial de depuración para este historiador para una completa lista de los JARs que fueron explorados y de los que nos se halló TLDs. Saltarse JARs no necesarios durante la exploración puede dar lugar a una mejora de tiempo significativa en el arranque y compilación de JSP .
08-Jul-2024 18:03:57.575 INFO [main] org.apache.catalina.startup.HostConfig.deployDirectory Deployment of web application directory [E:\Respaldo\Documentos\Uni\Ingenieria\Booster2024\ServidoresAssesment\servidor_pelicula\apache-tomcat-9.0.89\webapps\docs] has finished in [582] ms
08-Jul-2024 18:03:57.576 INFO [main] org.apache.catalina.startup.HostConfig.deployDirectory Desplegando el directorio [E:\Respaldo\Documentos\Uni\Ingenieria\Booster2024\ServidoresAssesment\servidor_pelicula\apache-tomcat-9.0.89\webapps\examples] de la aplicación web
08-Jul-2024 18:03:58.709 INFO [main] org.apache.jasper.servlet.TldScanner.scanJars Al menos un JAR, que se ha explorado buscando TLDs, aún no contenía TLDs. Activar historial de depuración para este historiador para una completa lista de los JARs que fueron explorados y de los que nos se halló TLDs. Saltarse JARs no necesarios durante la exploración puede dar lugar a una mejora de tiempo significativa en el arranque y compilación de JSP .
08-Jul-2024 18:03:58.796 INFO [main] org.apache.catalina.startup.HostConfig.deployDirectory Deployment of web application directory [E:\Respaldo\Documentos\Uni\Ingenieria\Booster2024\ServidoresAssesment\servidor_pelicula\apache-tomcat-9.0.89\webapps\examples] has finished in [1.220] ms
08-Jul-2024 18:03:58.797 INFO [main] org.apache.catalina.startup.HostConfig.deployDirectory Desplegando el directorio [E:\Respaldo\Documentos\Uni\Ingenieria\Booster2024\ServidoresAssesment\servidor_pelicula\apache-tomcat-9.0.89\webapps\HelloWorld] de la aplicación web
08-Jul-2024 18:03:59.436 INFO [main] org.apache.jasper.servlet.TldScanner.scanJars Al menos un JAR, que se ha explorado buscando TLDs, aún no contenía TLDs. Activar historial de depuración para este historiador para una completa lista de los JARs que fueron explorados y de los que nos se halló TLDs. Saltarse JARs no necesarios durante la exploración puede dar lugar a una mejora de tiempo significativa en el arranque y compilación de JSP .
08-Jul-2024 18:03:59.440 INFO [main] org.apache.catalina.startup.HostConfig.deployDirectory Deployment of web application directory [E:\Respaldo\Documentos\Uni\Ingenieria\Booster2024\ServidoresAssesment\servidor_pelicula\apache-tomcat-9.0.89\webapps\HelloWorld] has finished in [643] ms
08-Jul-2024 18:03:59.441 INFO [main] org.apache.catalina.startup.HostConfig.deployDirectory Desplegando el directorio [E:\Respaldo\Documentos\Uni\Ingenieria\Booster2024\ServidoresAssesment\servidor_pelicula\apache-tomcat-9.0.89\webapps\host-manager] de la aplicación web
08-Jul-2024 18:03:59.997 INFO [main] org.apache.jasper.servlet.TldScanner.scanJars Al menos un JAR, que se ha explorado buscando TLDs, aún no contenía TLDs. Activar historial de depuración para este historiador para una completa lista de los JARs que fueron explorados y de los que nos se halló TLDs. Saltarse JARs no necesarios durante la exploración puede dar lugar a una mejora de tiempo significativa en el arranque y compilación de JSP .
08-Jul-2024 18:04:00.003 INFO [main] org.apache.catalina.startup.HostConfig.deployDirectory Deployment of web application directory [E:\Respaldo\Documentos\Uni\Ingenieria\Booster2024\ServidoresAssesment\servidor_pelicula\apache-tomcat-9.0.89\webapps\host-manager] has finished in [562] ms
08-Jul-2024 18:04:00.004 INFO [main] org.apache.catalina.startup.HostConfig.deployDirectory Desplegando el directorio [E:\Respaldo\Documentos\Uni\Ingenieria\Booster2024\ServidoresAssesment\servidor_pelicula\apache-tomcat-9.0.89\webapps\manager] de la aplicación web
08-Jul-2024 18:04:00.574 INFO [main] org.apache.jasper.servlet.TldScanner.scanJars Al menos un JAR, que se ha explorado buscando TLDs, aún no contenía TLDs. Activar historial de depuración para este historiador para una completa lista de los JARs que fueron explorados y de los que nos se halló TLDs. Saltarse JARs no necesarios durante la exploración puede dar lugar a una mejora de tiempo significativa en el arranque y compilación de JSP .
08-Jul-2024 18:04:00.579 INFO [main] org.apache.catalina.startup.HostConfig.deployDirectory Deployment of web application directory [E:\Respaldo\Documentos\Uni\Ingenieria\Booster2024\ServidoresAssesment\servidor_pelicula\apache-tomcat-9.0.89\webapps\manager] has finished in [575] ms
08-Jul-2024 18:04:00.579 INFO [main] org.apache.catalina.startup.HostConfig.deployDirectory Desplegando el directorio [E:\Respaldo\Documentos\Uni\Ingenieria\Booster2024\ServidoresAssesment\servidor_pelicula\apache-tomcat-9.0.89\webapps\ROOT] de la aplicación web
08-Jul-2024 18:04:01.106 INFO [main] org.apache.jasper.servlet.TldScanner.scanJars Al menos un JAR, que se ha explorado buscando TLDs, aún no contenía TLDs. Activar historial de depuración para este historiador para una completa lista de los JARs que fueron explorados y de los que nos se halló TLDs. Saltarse JARs no necesarios durante la exploración puede dar lugar a una mejora de tiempo significativa en el arranque y compilación de JSP .
08-Jul-2024 18:04:01.112 INFO [main] org.apache.catalina.startup.HostConfig.deployDirectory Deployment of web application directory [E:\Respaldo\Documentos\Uni\Ingenieria\Booster2024\ServidoresAssesment\servidor_pelicula\apache-tomcat-9.0.89\webapps\ROOT] has finished in [533] ms
08-Jul-2024 18:04:01.117 INFO [main] org.apache.coyote.AbstractProtocol.start Starting ProtocolHandler ["http-nio-8080"]
08-Jul-2024 18:04:01.135 INFO [main] org.apache.coyote.AbstractProtocol.start Starting ProtocolHandler ["https-openssl-nio-8443"]
08-Jul-2024 18:04:01.139 INFO [main] org.apache.catalina.startup.Catalina.start Server startup in [5446] milliseconds
