04-Jul-2024 19:16:32.667 INFO [main] org.apache.catalina.core.ApplicationContext.log ContextListener: contextInitialized()
04-Jul-2024 19:16:32.667 INFO [main] org.apache.catalina.core.ApplicationContext.log SessionListener: contextInitialized()
04-Jul-2024 19:16:32.670 INFO [main] org.apache.catalina.core.ApplicationContext.log ContextListener: attributeAdded('StockTicker', 'async.Stockticker@3380ca3d')
04-Jul-2024 19:16:48.854 INFO [http-nio-8080-exec-3] org.apache.catalina.core.ApplicationContext.log Marcando el servlet [NewMovie] como no disponible
04-Jul-2024 19:16:48.854 SEVERE [http-nio-8080-exec-3] org.apache.catalina.core.StandardWrapperValve.invoke Excepción de reserva de espacio para servlet [NewMovie]
	java.lang.ClassNotFoundException: com.peliculas.NewMovie
		at org.apache.catalina.loader.WebappClassLoaderBase.loadClass(WebappClassLoaderBase.java:1308)
		at org.apache.catalina.loader.WebappClassLoaderBase.loadClass(WebappClassLoaderBase.java:1120)
		at org.apache.catalina.core.DefaultInstanceManager.loadClass(DefaultInstanceManager.java:488)
		at org.apache.catalina.core.DefaultInstanceManager.loadClassMaybePrivileged(DefaultInstanceManager.java:470)
		at org.apache.catalina.core.DefaultInstanceManager.newInstance(DefaultInstanceManager.java:142)
		at org.apache.catalina.core.StandardWrapper.loadServlet(StandardWrapper.java:898)
		at org.apache.catalina.core.StandardWrapper.allocate(StandardWrapper.java:659)
		at org.apache.catalina.core.StandardWrapperValve.invoke(StandardWrapperValve.java:116)
		at org.apache.catalina.core.StandardContextValve.invoke(StandardContextValve.java:90)
		at org.apache.catalina.authenticator.AuthenticatorBase.invoke(AuthenticatorBase.java:481)
		at org.apache.catalina.core.StandardHostValve.invoke(StandardHostValve.java:130)
		at org.apache.catalina.valves.ErrorReportValve.invoke(ErrorReportValve.java:93)
		at org.apache.catalina.valves.AbstractAccessLogValve.invoke(AbstractAccessLogValve.java:660)
		at org.apache.catalina.core.StandardEngineValve.invoke(StandardEngineValve.java:74)
		at org.apache.catalina.connector.CoyoteAdapter.service(CoyoteAdapter.java:346)
		at org.apache.coyote.http11.Http11Processor.service(Http11Processor.java:388)
		at org.apache.coyote.AbstractProcessorLight.process(AbstractProcessorLight.java:63)
		at org.apache.coyote.AbstractProtocol$ConnectionHandler.process(AbstractProtocol.java:928)
		at org.apache.tomcat.util.net.NioEndpoint$SocketProcessor.doRun(NioEndpoint.java:1791)
		at org.apache.tomcat.util.net.SocketProcessorBase.run(SocketProcessorBase.java:52)
		at org.apache.tomcat.util.threads.ThreadPoolExecutor.runWorker(ThreadPoolExecutor.java:1190)
		at org.apache.tomcat.util.threads.ThreadPoolExecutor$Worker.run(ThreadPoolExecutor.java:659)
		at org.apache.tomcat.util.threads.TaskThread$WrappingRunnable.run(TaskThread.java:63)
		at java.base/java.lang.Thread.run(Thread.java:842)
04-Jul-2024 19:25:10.822 INFO [main] org.apache.catalina.core.ApplicationContext.log ContextListener: contextInitialized()
04-Jul-2024 19:25:10.822 INFO [main] org.apache.catalina.core.ApplicationContext.log SessionListener: contextInitialized()
04-Jul-2024 19:25:10.826 INFO [main] org.apache.catalina.core.ApplicationContext.log ContextListener: attributeAdded('StockTicker', 'async.Stockticker@741741d0')
04-Jul-2024 19:29:48.204 INFO [main] org.apache.catalina.core.ApplicationContext.log ContextListener: contextInitialized()
04-Jul-2024 19:29:48.204 INFO [main] org.apache.catalina.core.ApplicationContext.log SessionListener: contextInitialized()
04-Jul-2024 19:29:48.207 INFO [main] org.apache.catalina.core.ApplicationContext.log ContextListener: attributeAdded('StockTicker', 'async.Stockticker@741741d0')
04-Jul-2024 19:33:08.424 INFO [main] org.apache.catalina.core.ApplicationContext.log ContextListener: contextInitialized()
04-Jul-2024 19:33:08.424 INFO [main] org.apache.catalina.core.ApplicationContext.log SessionListener: contextInitialized()
04-Jul-2024 19:33:08.427 INFO [main] org.apache.catalina.core.ApplicationContext.log ContextListener: attributeAdded('StockTicker', 'async.Stockticker@2eb60c71')
04-Jul-2024 20:05:32.021 INFO [main] org.apache.catalina.core.ApplicationContext.log ContextListener: contextInitialized()
04-Jul-2024 20:05:32.021 INFO [main] org.apache.catalina.core.ApplicationContext.log SessionListener: contextInitialized()
04-Jul-2024 20:05:32.024 INFO [main] org.apache.catalina.core.ApplicationContext.log ContextListener: attributeAdded('StockTicker', 'async.Stockticker@2eb60c71')
04-Jul-2024 20:08:48.524 INFO [main] org.apache.catalina.core.ApplicationContext.log ContextListener: contextInitialized()
04-Jul-2024 20:08:48.524 INFO [main] org.apache.catalina.core.ApplicationContext.log SessionListener: contextInitialized()
04-Jul-2024 20:08:48.528 INFO [main] org.apache.catalina.core.ApplicationContext.log ContextListener: attributeAdded('StockTicker', 'async.Stockticker@10177794')
04-Jul-2024 20:12:00.735 INFO [main] org.apache.catalina.core.ApplicationContext.log ContextListener: contextInitialized()
04-Jul-2024 20:12:00.735 INFO [main] org.apache.catalina.core.ApplicationContext.log SessionListener: contextInitialized()
04-Jul-2024 20:12:00.738 INFO [main] org.apache.catalina.core.ApplicationContext.log ContextListener: attributeAdded('StockTicker', 'async.Stockticker@10177794')
04-Jul-2024 20:14:28.019 INFO [main] org.apache.catalina.core.ApplicationContext.log ContextListener: contextInitialized()
04-Jul-2024 20:14:28.019 INFO [main] org.apache.catalina.core.ApplicationContext.log SessionListener: contextInitialized()
04-Jul-2024 20:14:28.022 INFO [main] org.apache.catalina.core.ApplicationContext.log ContextListener: attributeAdded('StockTicker', 'async.Stockticker@10177794')
04-Jul-2024 20:29:09.327 INFO [main] org.apache.catalina.core.ApplicationContext.log ContextListener: contextInitialized()
04-Jul-2024 20:29:09.327 INFO [main] org.apache.catalina.core.ApplicationContext.log SessionListener: contextInitialized()
04-Jul-2024 20:29:09.330 INFO [main] org.apache.catalina.core.ApplicationContext.log ContextListener: attributeAdded('StockTicker', 'async.Stockticker@b6bccb4')
04-Jul-2024 20:31:12.360 INFO [main] org.apache.catalina.core.ApplicationContext.log ContextListener: contextInitialized()
04-Jul-2024 20:31:12.360 INFO [main] org.apache.catalina.core.ApplicationContext.log SessionListener: contextInitialized()
04-Jul-2024 20:31:12.365 INFO [main] org.apache.catalina.core.ApplicationContext.log ContextListener: attributeAdded('StockTicker', 'async.Stockticker@5a622fe8')
04-Jul-2024 20:31:36.837 INFO [main] org.apache.catalina.core.ApplicationContext.log ContextListener: contextInitialized()
04-Jul-2024 20:31:36.837 INFO [main] org.apache.catalina.core.ApplicationContext.log SessionListener: contextInitialized()
04-Jul-2024 20:31:36.841 INFO [main] org.apache.catalina.core.ApplicationContext.log ContextListener: attributeAdded('StockTicker', 'async.Stockticker@226de93c')
